cuequivariance or cuequivariance_torch is not available. Cuequivariance acceleration will be disabled.

--- A_random ---
  Iter 0 | N=20 | MAE=1.0071
  Iter 1 | N=30 | MAE=1.8255
  Iter 2 | N=40 | MAE=1.2671
  Iter 3 | N=50 | MAE=0.7991
  Iter 4 | N=60 | MAE=1.0999
  Iter 5 | N=70 | MAE=1.7758

--- G_hybrid_weighted ---
  Iter 0 | N=20 | MAE=1.0071
  Iter 1 | N=30 | MAE=1.6289
  Iter 2 | N=40 | MAE=1.1754
  Iter 3 | N=50 | MAE=1.1551
  Iter 4 | N=60 | MAE=0.8956
  Iter 5 | N=70 | MAE=1.2069

--- I_aud_rank ---
  Iter 0 | N=20 | MAE=1.0071
  Iter 1 | N=30 | MAE=8.3752
  Iter 2 | N=40 | MAE=1.3226
  Iter 3 | N=50 | MAE=1.2257
  Iter 4 | N=60 | MAE=0.6666
  Iter 5 | N=70 | MAE=1.2128

Done! mp-22046 seed=42
