cuequivariance or cuequivariance_torch is not available. Cuequivariance acceleration will be disabled.

--- A_random ---
  Iter 0 | N=20 | MAE=0.5638
  Iter 1 | N=30 | MAE=0.9294
  Iter 2 | N=40 | MAE=0.3636
  Iter 3 | N=50 | MAE=1.2692
  Iter 4 | N=60 | MAE=0.3551
  Iter 5 | N=70 | MAE=0.4063

--- G_hybrid_weighted ---
  Iter 0 | N=20 | MAE=0.5638
  Iter 1 | N=30 | MAE=1.3663
  Iter 2 | N=40 | MAE=0.7340
  Iter 3 | N=50 | MAE=0.3678
  Iter 4 | N=60 | MAE=0.3969
  Iter 5 | N=70 | MAE=0.5880

--- I_aud_rank ---
  Iter 0 | N=20 | MAE=0.5638
  Iter 1 | N=30 | MAE=1.4448
  Iter 2 | N=40 | MAE=0.6346
  Iter 3 | N=50 | MAE=1.2506
  Iter 4 | N=60 | MAE=0.3910
  Iter 5 | N=70 | MAE=0.5982

Done! mp-22046 seed=52
