cuequivariance or cuequivariance_torch is not available. Cuequivariance acceleration will be disabled.

--- A_random ---
  Iter 0 | N=20 | MAE=4.0612
  Iter 1 | N=30 | MAE=0.7733
  Iter 2 | N=40 | MAE=1.1817
  Iter 3 | N=50 | MAE=1.0302
  Iter 4 | N=60 | MAE=1.1753
  Iter 5 | N=70 | MAE=0.9447

--- G_hybrid_weighted ---
  Iter 0 | N=20 | MAE=4.0612
  Iter 1 | N=30 | MAE=0.9901
  Iter 2 | N=40 | MAE=1.3452
  Iter 3 | N=50 | MAE=2.0515
  Iter 4 | N=60 | MAE=2.0563
  Iter 5 | N=70 | MAE=1.4492

--- I_aud_rank ---
  Iter 0 | N=20 | MAE=4.0612
  Iter 1 | N=30 | MAE=0.9902
  Iter 2 | N=40 | MAE=1.6118
  Iter 3 | N=50 | MAE=0.8910
  Iter 4 | N=60 | MAE=1.0935
  Iter 5 | N=70 | MAE=1.4436

Done! mp-570316 seed=42
