cuequivariance or cuequivariance_torch is not available. Cuequivariance acceleration will be disabled.

--- A_random ---
  Iter 0 | N=20 | MAE=0.2523
  Iter 1 | N=30 | MAE=0.2442
  Iter 2 | N=40 | MAE=0.2423
  Iter 3 | N=50 | MAE=1.3327
  Iter 4 | N=60 | MAE=0.2890
  Iter 5 | N=70 | MAE=0.2677

--- G_hybrid_weighted ---
  Iter 0 | N=20 | MAE=0.2523
  Iter 1 | N=30 | MAE=0.5248
  Iter 2 | N=40 | MAE=0.2752
  Iter 3 | N=50 | MAE=1.7350
  Iter 4 | N=60 | MAE=0.3083
  Iter 5 | N=70 | MAE=0.3612

--- I_aud_rank ---
  Iter 0 | N=20 | MAE=0.2523
  Iter 1 | N=30 | MAE=0.3018
  Iter 2 | N=40 | MAE=0.2493
  Iter 3 | N=50 | MAE=1.6494
  Iter 4 | N=60 | MAE=0.2996
  Iter 5 | N=70 | MAE=0.4442

Done! mp-632401 seed=52
