cuequivariance or cuequivariance_torch is not available. Cuequivariance acceleration will be disabled.

--- A_random ---
  Iter 0 | N=20 | MAE=0.9725
  Iter 1 | N=30 | MAE=0.5301
  Iter 2 | N=40 | MAE=0.4211
  Iter 3 | N=50 | MAE=1.2756
  Iter 4 | N=60 | MAE=0.5655
  Iter 5 | N=70 | MAE=0.4668

--- G_hybrid_weighted ---
  Iter 0 | N=20 | MAE=0.9725
  Iter 1 | N=30 | MAE=0.7802
  Iter 2 | N=40 | MAE=0.4951
  Iter 3 | N=50 | MAE=1.6500
  Iter 4 | N=60 | MAE=0.5434
  Iter 5 | N=70 | MAE=0.7507

--- I_aud_rank ---
  Iter 0 | N=20 | MAE=0.9725
  Iter 1 | N=30 | MAE=0.4603
  Iter 2 | N=40 | MAE=0.6075
  Iter 3 | N=50 | MAE=0.5282
  Iter 4 | N=60 | MAE=0.4115
  Iter 5 | N=70 | MAE=0.5923

Done! mp-729184 seed=62
