Seed: 52, Systems: ['MgO_surface']

############################################################
#  MgO_surface
############################################################
cuequivariance or cuequivariance_torch is not available. Cuequivariance acceleration will be disabled.
  Computing MACE energies...
WARNING:root:'model_path' argument is deprecated, please use 'model_paths' in the future.
WARNING:root:Default dtype float32 does not match model dtype float64, converting models to float32.
  Done in 116s

  --- A_random ---
WARNING:root:'model_path' argument is deprecated, please use 'model_paths' in the future.
WARNING:root:Default dtype float32 does not match model dtype float64, converting models to float32.
WARNING:root:'model_path' argument is deprecated, please use 'model_paths' in the future.
WARNING:root:Default dtype float32 does not match model dtype float64, converting models to float32.
    Iter 0 | N=50 | Test MAE=6.8302 eV
WARNING:root:'model_path' argument is deprecated, please use 'model_paths' in the future.
WARNING:root:Default dtype float32 does not match model dtype float64, converting models to float32.
WARNING:root:'model_path' argument is deprecated, please use 'model_paths' in the future.
WARNING:root:Default dtype float32 does not match model dtype float64, converting models to float32.
    Iter 1 | N=65 | Test MAE=1.0665 eV
WARNING:root:'model_path' argument is deprecated, please use 'model_paths' in the future.
WARNING:root:Default dtype float32 does not match model dtype float64, converting models to float32.
WARNING:root:'model_path' argument is deprecated, please use 'model_paths' in the future.
WARNING:root:Default dtype float32 does not match model dtype float64, converting models to float32.
    Iter 2 | N=80 | Test MAE=0.9258 eV
WARNING:root:'model_path' argument is deprecated, please use 'model_paths' in the future.
WARNING:root:Default dtype float32 does not match model dtype float64, converting models to float32.
WARNING:root:'model_path' argument is deprecated, please use 'model_paths' in the future.
WARNING:root:Default dtype float32 does not match model dtype float64, converting models to float32.
    Iter 3 | N=95 | Test MAE=2.4824 eV
WARNING:root:'model_path' argument is deprecated, please use 'model_paths' in the future.
WARNING:root:Default dtype float32 does not match model dtype float64, converting models to float32.
WARNING:root:'model_path' argument is deprecated, please use 'model_paths' in the future.
WARNING:root:Default dtype float32 does not match model dtype float64, converting models to float32.
    Iter 4 | N=110 | Test MAE=10.6931 eV
WARNING:root:'model_path' argument is deprecated, please use 'model_paths' in the future.
WARNING:root:Default dtype float32 does not match model dtype float64, converting models to float32.
WARNING:root:'model_path' argument is deprecated, please use 'model_paths' in the future.
WARNING:root:Default dtype float32 does not match model dtype float64, converting models to float32.
    Iter 5 | N=125 | Test MAE=10.8176 eV
WARNING:root:'model_path' argument is deprecated, please use 'model_paths' in the future.
WARNING:root:Default dtype float32 does not match model dtype float64, converting models to float32.
WARNING:root:'model_path' argument is deprecated, please use 'model_paths' in the future.
WARNING:root:Default dtype float32 does not match model dtype float64, converting models to float32.
    Iter 6 | N=140 | Test MAE=23.8169 eV

  --- C_uncertainty ---
WARNING:root:'model_path' argument is deprecated, please use 'model_paths' in the future.
WARNING:root:Default dtype float32 does not match model dtype float64, converting models to float32.
WARNING:root:'model_path' argument is deprecated, please use 'model_paths' in the future.
WARNING:root:Default dtype float32 does not match model dtype float64, converting models to float32.
    Iter 0 | N=50 | Test MAE=6.8302 eV
WARNING:root:'model_path' argument is deprecated, please use 'model_paths' in the future.
WARNING:root:Default dtype float32 does not match model dtype float64, converting models to float32.
WARNING:root:'model_path' argument is deprecated, please use 'model_paths' in the future.
WARNING:root:Default dtype float32 does not match model dtype float64, converting models to float32.
    Iter 1 | N=65 | Test MAE=1.7743 eV
WARNING:root:'model_path' argument is deprecated, please use 'model_paths' in the future.
WARNING:root:Default dtype float32 does not match model dtype float64, converting models to float32.
WARNING:root:'model_path' argument is deprecated, please use 'model_paths' in the future.
WARNING:root:Default dtype float32 does not match model dtype float64, converting models to float32.
    Iter 2 | N=80 | Test MAE=2.0407 eV
WARNING:root:'model_path' argument is deprecated, please use 'model_paths' in the future.
WARNING:root:Default dtype float32 does not match model dtype float64, converting models to float32.
WARNING:root:'model_path' argument is deprecated, please use 'model_paths' in the future.
WARNING:root:Default dtype float32 does not match model dtype float64, converting models to float32.
    Iter 3 | N=95 | Test MAE=16.7941 eV
WARNING:root:'model_path' argument is deprecated, please use 'model_paths' in the future.
WARNING:root:Default dtype float32 does not match model dtype float64, converting models to float32.
WARNING:root:'model_path' argument is deprecated, please use 'model_paths' in the future.
WARNING:root:Default dtype float32 does not match model dtype float64, converting models to float32.
    Iter 4 | N=110 | Test MAE=2.3769 eV
WARNING:root:'model_path' argument is deprecated, please use 'model_paths' in the future.
WARNING:root:Default dtype float32 does not match model dtype float64, converting models to float32.
WARNING:root:'model_path' argument is deprecated, please use 'model_paths' in the future.
WARNING:root:Default dtype float32 does not match model dtype float64, converting models to float32.
    Iter 5 | N=125 | Test MAE=2.1398 eV
WARNING:root:'model_path' argument is deprecated, please use 'model_paths' in the future.
WARNING:root:Default dtype float32 does not match model dtype float64, converting models to float32.
WARNING:root:'model_path' argument is deprecated, please use 'model_paths' in the future.
WARNING:root:Default dtype float32 does not match model dtype float64, converting models to float32.
    Iter 6 | N=140 | Test MAE=9.4940 eV

  --- E_diversity ---
WARNING:root:'model_path' argument is deprecated, please use 'model_paths' in the future.
WARNING:root:Default dtype float32 does not match model dtype float64, converting models to float32.
WARNING:root:'model_path' argument is deprecated, please use 'model_paths' in the future.
WARNING:root:Default dtype float32 does not match model dtype float64, converting models to float32.
    Iter 0 | N=50 | Test MAE=6.8302 eV
WARNING:root:'model_path' argument is deprecated, please use 'model_paths' in the future.
WARNING:root:Default dtype float32 does not match model dtype float64, converting models to float32.
WARNING:root:'model_path' argument is deprecated, please use 'model_paths' in the future.
WARNING:root:Default dtype float32 does not match model dtype float64, converting models to float32.
    Iter 1 | N=65 | Test MAE=1.5238 eV
WARNING:root:'model_path' argument is deprecated, please use 'model_paths' in the future.
WARNING:root:Default dtype float32 does not match model dtype float64, converting models to float32.
WARNING:root:'model_path' argument is deprecated, please use 'model_paths' in the future.
WARNING:root:Default dtype float32 does not match model dtype float64, converting models to float32.
    Iter 2 | N=80 | Test MAE=16.7189 eV
WARNING:root:'model_path' argument is deprecated, please use 'model_paths' in the future.
WARNING:root:Default dtype float32 does not match model dtype float64, converting models to float32.
WARNING:root:'model_path' argument is deprecated, please use 'model_paths' in the future.
WARNING:root:Default dtype float32 does not match model dtype float64, converting models to float32.
    Iter 3 | N=95 | Test MAE=26.8883 eV
WARNING:root:'model_path' argument is deprecated, please use 'model_paths' in the future.
WARNING:root:Default dtype float32 does not match model dtype float64, converting models to float32.
WARNING:root:'model_path' argument is deprecated, please use 'model_paths' in the future.
WARNING:root:Default dtype float32 does not match model dtype float64, converting models to float32.
    Iter 4 | N=110 | Test MAE=22.7547 eV
WARNING:root:'model_path' argument is deprecated, please use 'model_paths' in the future.
WARNING:root:Default dtype float32 does not match model dtype float64, converting models to float32.
WARNING:root:'model_path' argument is deprecated, please use 'model_paths' in the future.
WARNING:root:Default dtype float32 does not match model dtype float64, converting models to float32.
    Iter 5 | N=125 | Test MAE=27.4510 eV
WARNING:root:'model_path' argument is deprecated, please use 'model_paths' in the future.
WARNING:root:Default dtype float32 does not match model dtype float64, converting models to float32.
WARNING:root:'model_path' argument is deprecated, please use 'model_paths' in the future.
WARNING:root:Default dtype float32 does not match model dtype float64, converting models to float32.
    Iter 6 | N=140 | Test MAE=44.4786 eV

  --- G_hybrid_weighted ---
WARNING:root:'model_path' argument is deprecated, please use 'model_paths' in the future.
WARNING:root:Default dtype float32 does not match model dtype float64, converting models to float32.
WARNING:root:'model_path' argument is deprecated, please use 'model_paths' in the future.
WARNING:root:Default dtype float32 does not match model dtype float64, converting models to float32.
    Iter 0 | N=50 | Test MAE=6.8302 eV
WARNING:root:'model_path' argument is deprecated, please use 'model_paths' in the future.
WARNING:root:Default dtype float32 does not match model dtype float64, converting models to float32.
WARNING:root:'model_path' argument is deprecated, please use 'model_paths' in the future.
WARNING:root:Default dtype float32 does not match model dtype float64, converting models to float32.
    Iter 1 | N=65 | Test MAE=1.0898 eV
WARNING:root:'model_path' argument is deprecated, please use 'model_paths' in the future.
WARNING:root:Default dtype float32 does not match model dtype float64, converting models to float32.
WARNING:root:'model_path' argument is deprecated, please use 'model_paths' in the future.
WARNING:root:Default dtype float32 does not match model dtype float64, converting models to float32.
    Iter 2 | N=80 | Test MAE=5.8823 eV
WARNING:root:'model_path' argument is deprecated, please use 'model_paths' in the future.
WARNING:root:Default dtype float32 does not match model dtype float64, converting models to float32.
WARNING:root:'model_path' argument is deprecated, please use 'model_paths' in the future.
WARNING:root:Default dtype float32 does not match model dtype float64, converting models to float32.
    Iter 3 | N=95 | Test MAE=24.1997 eV
WARNING:root:'model_path' argument is deprecated, please use 'model_paths' in the future.
WARNING:root:Default dtype float32 does not match model dtype float64, converting models to float32.
WARNING:root:'model_path' argument is deprecated, please use 'model_paths' in the future.
WARNING:root:Default dtype float32 does not match model dtype float64, converting models to float32.
    Iter 4 | N=110 | Test MAE=2.7214 eV
WARNING:root:'model_path' argument is deprecated, please use 'model_paths' in the future.
WARNING:root:Default dtype float32 does not match model dtype float64, converting models to float32.
WARNING:root:'model_path' argument is deprecated, please use 'model_paths' in the future.
WARNING:root:Default dtype float32 does not match model dtype float64, converting models to float32.
    Iter 5 | N=125 | Test MAE=8.7806 eV
WARNING:root:'model_path' argument is deprecated, please use 'model_paths' in the future.
WARNING:root:Default dtype float32 does not match model dtype float64, converting models to float32.
WARNING:root:'model_path' argument is deprecated, please use 'model_paths' in the future.
WARNING:root:Default dtype float32 does not match model dtype float64, converting models to float32.
    Iter 6 | N=140 | Test MAE=25.6526 eV

Done!
