Seed: 62, Systems: ['FeNiCrCoCu_HEA']

############################################################
#  FeNiCrCoCu_HEA
############################################################
cuequivariance or cuequivariance_torch is not available. Cuequivariance acceleration will be disabled.
  Computing MACE energies...
WARNING:root:'model_path' argument is deprecated, please use 'model_paths' in the future.
WARNING:root:Default dtype float32 does not match model dtype float64, converting models to float32.
  Done in 71s

  --- A_random ---
WARNING:root:'model_path' argument is deprecated, please use 'model_paths' in the future.
WARNING:root:Default dtype float32 does not match model dtype float64, converting models to float32.
WARNING:root:'model_path' argument is deprecated, please use 'model_paths' in the future.
WARNING:root:Default dtype float32 does not match model dtype float64, converting models to float32.
    Iter 0 | N=50 | Test MAE=0.2343 eV
WARNING:root:'model_path' argument is deprecated, please use 'model_paths' in the future.
WARNING:root:Default dtype float32 does not match model dtype float64, converting models to float32.
WARNING:root:'model_path' argument is deprecated, please use 'model_paths' in the future.
WARNING:root:Default dtype float32 does not match model dtype float64, converting models to float32.
    Iter 1 | N=65 | Test MAE=0.2220 eV
WARNING:root:'model_path' argument is deprecated, please use 'model_paths' in the future.
WARNING:root:Default dtype float32 does not match model dtype float64, converting models to float32.
WARNING:root:'model_path' argument is deprecated, please use 'model_paths' in the future.
WARNING:root:Default dtype float32 does not match model dtype float64, converting models to float32.
    Iter 2 | N=80 | Test MAE=0.2114 eV
WARNING:root:'model_path' argument is deprecated, please use 'model_paths' in the future.
WARNING:root:Default dtype float32 does not match model dtype float64, converting models to float32.
WARNING:root:'model_path' argument is deprecated, please use 'model_paths' in the future.
WARNING:root:Default dtype float32 does not match model dtype float64, converting models to float32.
    Iter 3 | N=95 | Test MAE=0.0770 eV
WARNING:root:'model_path' argument is deprecated, please use 'model_paths' in the future.
WARNING:root:Default dtype float32 does not match model dtype float64, converting models to float32.
WARNING:root:'model_path' argument is deprecated, please use 'model_paths' in the future.
WARNING:root:Default dtype float32 does not match model dtype float64, converting models to float32.
    Iter 4 | N=110 | Test MAE=0.1755 eV
WARNING:root:'model_path' argument is deprecated, please use 'model_paths' in the future.
WARNING:root:Default dtype float32 does not match model dtype float64, converting models to float32.
WARNING:root:'model_path' argument is deprecated, please use 'model_paths' in the future.
WARNING:root:Default dtype float32 does not match model dtype float64, converting models to float32.
    Iter 5 | N=125 | Test MAE=0.1302 eV
WARNING:root:'model_path' argument is deprecated, please use 'model_paths' in the future.
WARNING:root:Default dtype float32 does not match model dtype float64, converting models to float32.
WARNING:root:'model_path' argument is deprecated, please use 'model_paths' in the future.
WARNING:root:Default dtype float32 does not match model dtype float64, converting models to float32.
    Iter 6 | N=140 | Test MAE=0.1791 eV

  --- C_uncertainty ---
WARNING:root:'model_path' argument is deprecated, please use 'model_paths' in the future.
WARNING:root:Default dtype float32 does not match model dtype float64, converting models to float32.
WARNING:root:'model_path' argument is deprecated, please use 'model_paths' in the future.
WARNING:root:Default dtype float32 does not match model dtype float64, converting models to float32.
    Iter 0 | N=50 | Test MAE=0.2343 eV
WARNING:root:'model_path' argument is deprecated, please use 'model_paths' in the future.
WARNING:root:Default dtype float32 does not match model dtype float64, converting models to float32.
WARNING:root:'model_path' argument is deprecated, please use 'model_paths' in the future.
WARNING:root:Default dtype float32 does not match model dtype float64, converting models to float32.
    Iter 1 | N=65 | Test MAE=0.5238 eV
WARNING:root:'model_path' argument is deprecated, please use 'model_paths' in the future.
WARNING:root:Default dtype float32 does not match model dtype float64, converting models to float32.
WARNING:root:'model_path' argument is deprecated, please use 'model_paths' in the future.
WARNING:root:Default dtype float32 does not match model dtype float64, converting models to float32.
    Iter 2 | N=80 | Test MAE=1.4567 eV
WARNING:root:'model_path' argument is deprecated, please use 'model_paths' in the future.
WARNING:root:Default dtype float32 does not match model dtype float64, converting models to float32.
WARNING:root:'model_path' argument is deprecated, please use 'model_paths' in the future.
WARNING:root:Default dtype float32 does not match model dtype float64, converting models to float32.
    Iter 3 | N=95 | Test MAE=0.3741 eV
WARNING:root:'model_path' argument is deprecated, please use 'model_paths' in the future.
WARNING:root:Default dtype float32 does not match model dtype float64, converting models to float32.
WARNING:root:'model_path' argument is deprecated, please use 'model_paths' in the future.
WARNING:root:Default dtype float32 does not match model dtype float64, converting models to float32.
    Iter 4 | N=110 | Test MAE=0.1219 eV
WARNING:root:'model_path' argument is deprecated, please use 'model_paths' in the future.
WARNING:root:Default dtype float32 does not match model dtype float64, converting models to float32.
WARNING:root:'model_path' argument is deprecated, please use 'model_paths' in the future.
WARNING:root:Default dtype float32 does not match model dtype float64, converting models to float32.
    Iter 5 | N=125 | Test MAE=0.1450 eV
WARNING:root:'model_path' argument is deprecated, please use 'model_paths' in the future.
WARNING:root:Default dtype float32 does not match model dtype float64, converting models to float32.
WARNING:root:'model_path' argument is deprecated, please use 'model_paths' in the future.
WARNING:root:Default dtype float32 does not match model dtype float64, converting models to float32.
    Iter 6 | N=140 | Test MAE=0.2558 eV

  --- E_diversity ---
WARNING:root:'model_path' argument is deprecated, please use 'model_paths' in the future.
WARNING:root:Default dtype float32 does not match model dtype float64, converting models to float32.
WARNING:root:'model_path' argument is deprecated, please use 'model_paths' in the future.
WARNING:root:Default dtype float32 does not match model dtype float64, converting models to float32.
    Iter 0 | N=50 | Test MAE=0.2325 eV
WARNING:root:'model_path' argument is deprecated, please use 'model_paths' in the future.
WARNING:root:Default dtype float32 does not match model dtype float64, converting models to float32.
WARNING:root:'model_path' argument is deprecated, please use 'model_paths' in the future.
WARNING:root:Default dtype float32 does not match model dtype float64, converting models to float32.
    Iter 1 | N=65 | Test MAE=1.0346 eV
WARNING:root:'model_path' argument is deprecated, please use 'model_paths' in the future.
WARNING:root:Default dtype float32 does not match model dtype float64, converting models to float32.
WARNING:root:'model_path' argument is deprecated, please use 'model_paths' in the future.
WARNING:root:Default dtype float32 does not match model dtype float64, converting models to float32.
    Iter 2 | N=80 | Test MAE=0.1758 eV
WARNING:root:'model_path' argument is deprecated, please use 'model_paths' in the future.
WARNING:root:Default dtype float32 does not match model dtype float64, converting models to float32.
WARNING:root:'model_path' argument is deprecated, please use 'model_paths' in the future.
WARNING:root:Default dtype float32 does not match model dtype float64, converting models to float32.
    Iter 3 | N=95 | Test MAE=0.1929 eV
WARNING:root:'model_path' argument is deprecated, please use 'model_paths' in the future.
WARNING:root:Default dtype float32 does not match model dtype float64, converting models to float32.
WARNING:root:'model_path' argument is deprecated, please use 'model_paths' in the future.
WARNING:root:Default dtype float32 does not match model dtype float64, converting models to float32.
    Iter 4 | N=110 | Test MAE=0.2219 eV
WARNING:root:'model_path' argument is deprecated, please use 'model_paths' in the future.
WARNING:root:Default dtype float32 does not match model dtype float64, converting models to float32.
WARNING:root:'model_path' argument is deprecated, please use 'model_paths' in the future.
WARNING:root:Default dtype float32 does not match model dtype float64, converting models to float32.
    Iter 5 | N=125 | Test MAE=0.5658 eV
WARNING:root:'model_path' argument is deprecated, please use 'model_paths' in the future.
WARNING:root:Default dtype float32 does not match model dtype float64, converting models to float32.
WARNING:root:'model_path' argument is deprecated, please use 'model_paths' in the future.
WARNING:root:Default dtype float32 does not match model dtype float64, converting models to float32.
    Iter 6 | N=140 | Test MAE=0.9210 eV

  --- G_hybrid_weighted ---
WARNING:root:'model_path' argument is deprecated, please use 'model_paths' in the future.
WARNING:root:Default dtype float32 does not match model dtype float64, converting models to float32.
WARNING:root:'model_path' argument is deprecated, please use 'model_paths' in the future.
WARNING:root:Default dtype float32 does not match model dtype float64, converting models to float32.
    Iter 0 | N=50 | Test MAE=0.2325 eV
WARNING:root:'model_path' argument is deprecated, please use 'model_paths' in the future.
WARNING:root:Default dtype float32 does not match model dtype float64, converting models to float32.
WARNING:root:'model_path' argument is deprecated, please use 'model_paths' in the future.
WARNING:root:Default dtype float32 does not match model dtype float64, converting models to float32.
    Iter 1 | N=65 | Test MAE=0.5238 eV
WARNING:root:'model_path' argument is deprecated, please use 'model_paths' in the future.
WARNING:root:Default dtype float32 does not match model dtype float64, converting models to float32.
WARNING:root:'model_path' argument is deprecated, please use 'model_paths' in the future.
WARNING:root:Default dtype float32 does not match model dtype float64, converting models to float32.
    Iter 2 | N=80 | Test MAE=1.0043 eV
WARNING:root:'model_path' argument is deprecated, please use 'model_paths' in the future.
WARNING:root:Default dtype float32 does not match model dtype float64, converting models to float32.
WARNING:root:'model_path' argument is deprecated, please use 'model_paths' in the future.
WARNING:root:Default dtype float32 does not match model dtype float64, converting models to float32.
    Iter 3 | N=95 | Test MAE=0.5054 eV
WARNING:root:'model_path' argument is deprecated, please use 'model_paths' in the future.
WARNING:root:Default dtype float32 does not match model dtype float64, converting models to float32.
WARNING:root:'model_path' argument is deprecated, please use 'model_paths' in the future.
WARNING:root:Default dtype float32 does not match model dtype float64, converting models to float32.
    Iter 4 | N=110 | Test MAE=0.4405 eV
WARNING:root:'model_path' argument is deprecated, please use 'model_paths' in the future.
WARNING:root:Default dtype float32 does not match model dtype float64, converting models to float32.
WARNING:root:'model_path' argument is deprecated, please use 'model_paths' in the future.
WARNING:root:Default dtype float32 does not match model dtype float64, converting models to float32.
    Iter 5 | N=125 | Test MAE=0.2316 eV
WARNING:root:'model_path' argument is deprecated, please use 'model_paths' in the future.
WARNING:root:Default dtype float32 does not match model dtype float64, converting models to float32.
WARNING:root:'model_path' argument is deprecated, please use 'model_paths' in the future.
WARNING:root:Default dtype float32 does not match model dtype float64, converting models to float32.
    Iter 6 | N=140 | Test MAE=0.4228 eV

Done!
