Device: cuda
Systems: ['Zr_oxide_amorphous']
Seed: 62

############################################################
#  Zr_oxide_amorphous
############################################################
cuequivariance or cuequivariance_torch is not available. Cuequivariance acceleration will be disabled.
  500 structures, Energy: [-1101.6, -130.5] eV

  --- A_random ---
    Iter 0 | N=50 | Test MAE=20.74 eV
    Iter 1 | N=65 | Test MAE=20.32 eV
    Iter 2 | N=80 | Test MAE=20.24 eV
    Iter 3 | N=95 | Test MAE=20.32 eV
    Iter 4 | N=110 | Test MAE=20.62 eV
    Iter 5 | N=125 | Test MAE=19.92 eV
    Iter 6 | N=140 | Test MAE=20.13 eV
    Iter 7 | N=155 | Test MAE=19.87 eV
    Iter 8 | N=170 | Test MAE=20.30 eV

  --- B_gmm_uncertainty ---
    Iter 0 | N=50 | Test MAE=20.74 eV
    Iter 1 | N=65 | Test MAE=21.04 eV
    Iter 2 | N=80 | Test MAE=20.10 eV
    Iter 3 | N=95 | Test MAE=20.67 eV
    Iter 4 | N=110 | Test MAE=20.32 eV
    Iter 5 | N=125 | Test MAE=20.39 eV
    Iter 6 | N=140 | Test MAE=20.91 eV
    Iter 7 | N=155 | Test MAE=20.15 eV
    Iter 8 | N=170 | Test MAE=22.29 eV

  --- C_ensemble_qbc ---
    Iter 0 | N=50 | Test MAE=20.74 eV
    Iter 1 | N=65 | Test MAE=20.36 eV
    Iter 2 | N=80 | Test MAE=20.05 eV
    Iter 3 | N=95 | Test MAE=20.24 eV
    Iter 4 | N=110 | Test MAE=20.16 eV
    Iter 5 | N=125 | Test MAE=20.46 eV
    Iter 6 | N=140 | Test MAE=20.51 eV
    Iter 7 | N=155 | Test MAE=20.79 eV
    Iter 8 | N=170 | Test MAE=20.53 eV

  --- D_mc_dropout ---
    Iter 0 | N=50 | Test MAE=20.74 eV
    Iter 1 | N=65 | Test MAE=20.36 eV
    Iter 2 | N=80 | Test MAE=20.05 eV
    Iter 3 | N=95 | Test MAE=20.24 eV
    Iter 4 | N=110 | Test MAE=20.16 eV
    Iter 5 | N=125 | Test MAE=20.46 eV
    Iter 6 | N=140 | Test MAE=20.51 eV
    Iter 7 | N=155 | Test MAE=20.79 eV
    Iter 8 | N=170 | Test MAE=20.53 eV

  --- E_diversity ---
    Iter 0 | N=50 | Test MAE=20.74 eV
    Iter 1 | N=65 | Test MAE=20.77 eV
    Iter 2 | N=80 | Test MAE=20.83 eV
    Iter 3 | N=95 | Test MAE=20.07 eV
    Iter 4 | N=110 | Test MAE=20.24 eV
    Iter 5 | N=125 | Test MAE=20.15 eV
    Iter 6 | N=140 | Test MAE=20.37 eV
    Iter 7 | N=155 | Test MAE=20.29 eV
    Iter 8 | N=170 | Test MAE=20.22 eV

  --- F_latent_clustering ---
    Iter 0 | N=50 | Test MAE=20.74 eV
    Iter 1 | N=65 | Test MAE=20.15 eV
    Iter 2 | N=80 | Test MAE=20.53 eV
    Iter 3 | N=95 | Test MAE=21.24 eV
    Iter 4 | N=110 | Test MAE=20.49 eV
    Iter 5 | N=125 | Test MAE=21.03 eV
    Iter 6 | N=140 | Test MAE=20.59 eV
    Iter 7 | N=155 | Test MAE=20.64 eV
    Iter 8 | N=170 | Test MAE=20.48 eV

  --- G_hybrid_weighted ---
    Iter 0 | N=50 | Test MAE=20.74 eV
    Iter 1 | N=65 | Test MAE=20.36 eV
    Iter 2 | N=80 | Test MAE=20.11 eV
    Iter 3 | N=95 | Test MAE=19.84 eV
    Iter 4 | N=110 | Test MAE=20.24 eV
    Iter 5 | N=125 | Test MAE=20.97 eV
    Iter 6 | N=140 | Test MAE=20.39 eV
    Iter 7 | N=155 | Test MAE=20.07 eV
    Iter 8 | N=170 | Test MAE=20.03 eV

  --- H_hybrid_twostage ---
    Iter 0 | N=50 | Test MAE=20.74 eV
    Iter 1 | N=65 | Test MAE=20.27 eV
    Iter 2 | N=80 | Test MAE=20.24 eV
    Iter 3 | N=95 | Test MAE=20.35 eV
    Iter 4 | N=110 | Test MAE=20.64 eV
    Iter 5 | N=125 | Test MAE=20.33 eV
    Iter 6 | N=140 | Test MAE=20.55 eV
    Iter 7 | N=155 | Test MAE=20.16 eV
    Iter 8 | N=170 | Test MAE=20.66 eV

======================================================================
  FINAL RESULTS — 1 Systems x 8 Strategies
======================================================================

--- Zr_oxide_amorphous ---
  Strategy                         Best MAE  vs Random
  A_random                            19.87      +0.0%
  B_gmm_uncertainty                   20.10      -1.1%
  C_ensemble_qbc                      20.05      -0.9%
  D_mc_dropout                        20.05      -0.9%
  E_diversity                         20.07      -1.0%
  F_latent_clustering                 20.15      -1.4%
  G_hybrid_weighted                   19.84      +0.2% <--
  H_hybrid_twostage                   20.16      -1.4% <--

======================================================================
  CROSS-SYSTEM SUMMARY
======================================================================
  A_random                      +0.0% +/- 0.0%  (better in 0/1 systems)
  B_gmm_uncertainty             -1.1% +/- 0.0%  (better in 0/1 systems)
  C_ensemble_qbc                -0.9% +/- 0.0%  (better in 0/1 systems)
  D_mc_dropout                  -0.9% +/- 0.0%  (better in 0/1 systems)
  E_diversity                   -1.0% +/- 0.0%  (better in 0/1 systems)
  F_latent_clustering           -1.4% +/- 0.0%  (better in 0/1 systems)
  G_hybrid_weighted             +0.2% +/- 0.0%  (better in 1/1 systems)
  H_hybrid_twostage             -1.4% +/- 0.0%  (better in 0/1 systems)

  Done! Results in results/ms25_*_seed62.csv
