Device: cuda
Systems: ['FeNiCrCoCu_HEA']
Seed: 62

############################################################
#  FeNiCrCoCu_HEA
############################################################
cuequivariance or cuequivariance_torch is not available. Cuequivariance acceleration will be disabled.
  300 structures, Energy: [-204.9, -45.2] eV

  --- A_random ---
    Iter 0 | N=50 | Test MAE=5.34 eV
    Iter 1 | N=65 | Test MAE=4.78 eV
    Iter 2 | N=80 | Test MAE=3.27 eV
    Iter 3 | N=95 | Test MAE=2.81 eV
    Iter 4 | N=110 | Test MAE=1.58 eV
    Iter 5 | N=125 | Test MAE=0.84 eV
    Iter 6 | N=140 | Test MAE=0.77 eV
    Iter 7 | N=155 | Test MAE=0.97 eV
    Iter 8 | N=170 | Test MAE=0.89 eV

  --- B_gmm_uncertainty ---
    Iter 0 | N=50 | Test MAE=5.34 eV
    Iter 1 | N=65 | Test MAE=4.83 eV
    Iter 2 | N=80 | Test MAE=4.53 eV
    Iter 3 | N=95 | Test MAE=1.01 eV
    Iter 4 | N=110 | Test MAE=0.73 eV
    Iter 5 | N=125 | Test MAE=1.05 eV
    Iter 6 | N=140 | Test MAE=0.75 eV
    Iter 7 | N=155 | Test MAE=0.74 eV
    Iter 8 | N=170 | Test MAE=0.96 eV

  --- C_ensemble_qbc ---
    Iter 0 | N=50 | Test MAE=5.34 eV
    Iter 1 | N=65 | Test MAE=5.65 eV
    Iter 2 | N=80 | Test MAE=2.56 eV
    Iter 3 | N=95 | Test MAE=1.95 eV
    Iter 4 | N=110 | Test MAE=3.25 eV
    Iter 5 | N=125 | Test MAE=0.89 eV
    Iter 6 | N=140 | Test MAE=0.84 eV
    Iter 7 | N=155 | Test MAE=0.69 eV
    Iter 8 | N=170 | Test MAE=0.67 eV

  --- D_mc_dropout ---
    Iter 0 | N=50 | Test MAE=5.34 eV
    Iter 1 | N=65 | Test MAE=5.65 eV
    Iter 2 | N=80 | Test MAE=2.56 eV
    Iter 3 | N=95 | Test MAE=1.95 eV
    Iter 4 | N=110 | Test MAE=3.25 eV
    Iter 5 | N=125 | Test MAE=0.89 eV
    Iter 6 | N=140 | Test MAE=0.84 eV
    Iter 7 | N=155 | Test MAE=0.69 eV
    Iter 8 | N=170 | Test MAE=0.67 eV

  --- E_diversity ---
    Iter 0 | N=50 | Test MAE=5.34 eV
    Iter 1 | N=65 | Test MAE=3.69 eV
    Iter 2 | N=80 | Test MAE=3.04 eV
    Iter 3 | N=95 | Test MAE=1.33 eV
    Iter 4 | N=110 | Test MAE=1.42 eV
    Iter 5 | N=125 | Test MAE=0.95 eV
    Iter 6 | N=140 | Test MAE=1.10 eV
    Iter 7 | N=155 | Test MAE=0.75 eV
    Iter 8 | N=170 | Test MAE=0.47 eV

  --- F_latent_clustering ---
    Iter 0 | N=50 | Test MAE=5.34 eV
    Iter 1 | N=65 | Test MAE=4.82 eV
    Iter 2 | N=80 | Test MAE=2.67 eV
    Iter 3 | N=95 | Test MAE=1.56 eV
    Iter 4 | N=110 | Test MAE=2.05 eV
    Iter 5 | N=125 | Test MAE=1.43 eV
    Iter 6 | N=140 | Test MAE=1.00 eV
    Iter 7 | N=155 | Test MAE=1.01 eV
    Iter 8 | N=170 | Test MAE=0.97 eV

  --- G_hybrid_weighted ---
    Iter 0 | N=50 | Test MAE=5.34 eV
    Iter 1 | N=65 | Test MAE=5.65 eV
    Iter 2 | N=80 | Test MAE=2.61 eV
    Iter 3 | N=95 | Test MAE=1.05 eV
    Iter 4 | N=110 | Test MAE=0.69 eV
    Iter 5 | N=125 | Test MAE=0.69 eV
    Iter 6 | N=140 | Test MAE=1.98 eV
    Iter 7 | N=155 | Test MAE=0.81 eV
    Iter 8 | N=170 | Test MAE=0.86 eV

  --- H_hybrid_twostage ---
    Iter 0 | N=50 | Test MAE=5.34 eV
    Iter 1 | N=65 | Test MAE=4.14 eV
    Iter 2 | N=80 | Test MAE=1.43 eV
    Iter 3 | N=95 | Test MAE=2.28 eV
    Iter 4 | N=110 | Test MAE=1.91 eV
    Iter 5 | N=125 | Test MAE=0.90 eV
    Iter 6 | N=140 | Test MAE=1.39 eV
    Iter 7 | N=155 | Test MAE=1.42 eV
    Iter 8 | N=170 | Test MAE=0.75 eV

======================================================================
  FINAL RESULTS — 1 Systems x 8 Strategies
======================================================================

--- FeNiCrCoCu_HEA ---
  Strategy                         Best MAE  vs Random
  A_random                             0.77      +0.0%
  B_gmm_uncertainty                    0.73      +5.2%
  C_ensemble_qbc                       0.67     +13.3%
  D_mc_dropout                         0.67     +13.3%
  E_diversity                          0.47     +39.5%
  F_latent_clustering                  0.97     -26.1%
  G_hybrid_weighted                    0.69     +11.0% <--
  H_hybrid_twostage                    0.75      +2.9% <--

======================================================================
  CROSS-SYSTEM SUMMARY
======================================================================
  A_random                      +0.0% +/- 0.0%  (better in 0/1 systems)
  B_gmm_uncertainty             +5.2% +/- 0.0%  (better in 1/1 systems)
  C_ensemble_qbc               +13.3% +/- 0.0%  (better in 1/1 systems)
  D_mc_dropout                 +13.3% +/- 0.0%  (better in 1/1 systems)
  E_diversity                  +39.5% +/- 0.0%  (better in 1/1 systems)
  F_latent_clustering          -26.1% +/- 0.0%  (better in 0/1 systems)
  G_hybrid_weighted            +11.0% +/- 0.0%  (better in 1/1 systems)
  H_hybrid_twostage             +2.9% +/- 0.0%  (better in 1/1 systems)

  Done! Results in results/ms25_*_seed62.csv
