Device: cuda
Systems: ['MgO_surface']
Seed: 62

############################################################
#  MgO_surface
############################################################
cuequivariance or cuequivariance_torch is not available. Cuequivariance acceleration will be disabled.
  500 structures, Energy: [-1079.1, -56.0] eV

  --- A_random ---
    Iter 0 | N=50 | Test MAE=13.77 eV
    Iter 1 | N=65 | Test MAE=13.43 eV
    Iter 2 | N=80 | Test MAE=13.72 eV
    Iter 3 | N=95 | Test MAE=13.52 eV
    Iter 4 | N=110 | Test MAE=13.14 eV
    Iter 5 | N=125 | Test MAE=12.62 eV
    Iter 6 | N=140 | Test MAE=12.47 eV
    Iter 7 | N=155 | Test MAE=14.90 eV
    Iter 8 | N=170 | Test MAE=12.85 eV

  --- B_gmm_uncertainty ---
    Iter 0 | N=50 | Test MAE=13.77 eV
    Iter 1 | N=65 | Test MAE=14.21 eV
    Iter 2 | N=80 | Test MAE=14.37 eV
    Iter 3 | N=95 | Test MAE=14.11 eV
    Iter 4 | N=110 | Test MAE=14.21 eV
    Iter 5 | N=125 | Test MAE=13.14 eV
    Iter 6 | N=140 | Test MAE=12.39 eV
    Iter 7 | N=155 | Test MAE=13.13 eV
    Iter 8 | N=170 | Test MAE=12.09 eV

  --- C_ensemble_qbc ---
    Iter 0 | N=50 | Test MAE=13.77 eV
    Iter 1 | N=65 | Test MAE=13.42 eV
    Iter 2 | N=80 | Test MAE=14.25 eV
    Iter 3 | N=95 | Test MAE=13.61 eV
    Iter 4 | N=110 | Test MAE=13.56 eV
    Iter 5 | N=125 | Test MAE=13.28 eV
    Iter 6 | N=140 | Test MAE=12.24 eV
    Iter 7 | N=155 | Test MAE=13.83 eV
    Iter 8 | N=170 | Test MAE=12.74 eV

  --- D_mc_dropout ---
    Iter 0 | N=50 | Test MAE=13.77 eV
    Iter 1 | N=65 | Test MAE=13.42 eV
    Iter 2 | N=80 | Test MAE=14.25 eV
    Iter 3 | N=95 | Test MAE=13.61 eV
    Iter 4 | N=110 | Test MAE=13.56 eV
    Iter 5 | N=125 | Test MAE=13.28 eV
    Iter 6 | N=140 | Test MAE=12.24 eV
    Iter 7 | N=155 | Test MAE=13.83 eV
    Iter 8 | N=170 | Test MAE=12.74 eV

  --- E_diversity ---
    Iter 0 | N=50 | Test MAE=13.77 eV
    Iter 1 | N=65 | Test MAE=14.82 eV
    Iter 2 | N=80 | Test MAE=13.29 eV
    Iter 3 | N=95 | Test MAE=13.09 eV
    Iter 4 | N=110 | Test MAE=14.36 eV
    Iter 5 | N=125 | Test MAE=12.74 eV
    Iter 6 | N=140 | Test MAE=12.31 eV
    Iter 7 | N=155 | Test MAE=12.70 eV
    Iter 8 | N=170 | Test MAE=12.34 eV

  --- F_latent_clustering ---
    Iter 0 | N=50 | Test MAE=13.77 eV
    Iter 1 | N=64 | Test MAE=14.24 eV
    Iter 2 | N=79 | Test MAE=12.65 eV
    Iter 3 | N=94 | Test MAE=13.64 eV
    Iter 4 | N=109 | Test MAE=12.83 eV
    Iter 5 | N=124 | Test MAE=13.43 eV
    Iter 6 | N=139 | Test MAE=12.89 eV
    Iter 7 | N=154 | Test MAE=14.13 eV
    Iter 8 | N=169 | Test MAE=12.36 eV

  --- G_hybrid_weighted ---
    Iter 0 | N=50 | Test MAE=13.77 eV
    Iter 1 | N=65 | Test MAE=13.42 eV
    Iter 2 | N=80 | Test MAE=14.45 eV
    Iter 3 | N=95 | Test MAE=14.19 eV
    Iter 4 | N=110 | Test MAE=13.52 eV
    Iter 5 | N=125 | Test MAE=13.08 eV
    Iter 6 | N=140 | Test MAE=12.77 eV
    Iter 7 | N=155 | Test MAE=12.96 eV
    Iter 8 | N=170 | Test MAE=11.76 eV

  --- H_hybrid_twostage ---
    Iter 0 | N=50 | Test MAE=13.77 eV
    Iter 1 | N=65 | Test MAE=14.55 eV
    Iter 2 | N=80 | Test MAE=13.97 eV
    Iter 3 | N=95 | Test MAE=12.61 eV
    Iter 4 | N=110 | Test MAE=13.28 eV
    Iter 5 | N=125 | Test MAE=12.66 eV
    Iter 6 | N=140 | Test MAE=12.80 eV
    Iter 7 | N=155 | Test MAE=12.68 eV
    Iter 8 | N=170 | Test MAE=13.25 eV

======================================================================
  FINAL RESULTS — 1 Systems x 8 Strategies
======================================================================

--- MgO_surface ---
  Strategy                         Best MAE  vs Random
  A_random                            12.47      +0.0%
  B_gmm_uncertainty                   12.09      +3.1%
  C_ensemble_qbc                      12.24      +1.8%
  D_mc_dropout                        12.24      +1.8%
  E_diversity                         12.31      +1.3%
  F_latent_clustering                 12.36      +0.9%
  G_hybrid_weighted                   11.76      +5.7% <--
  H_hybrid_twostage                   12.61      -1.1% <--

======================================================================
  CROSS-SYSTEM SUMMARY
======================================================================
  A_random                      +0.0% +/- 0.0%  (better in 0/1 systems)
  B_gmm_uncertainty             +3.1% +/- 0.0%  (better in 1/1 systems)
  C_ensemble_qbc                +1.8% +/- 0.0%  (better in 1/1 systems)
  D_mc_dropout                  +1.8% +/- 0.0%  (better in 1/1 systems)
  E_diversity                   +1.3% +/- 0.0%  (better in 1/1 systems)
  F_latent_clustering           +0.9% +/- 0.0%  (better in 1/1 systems)
  G_hybrid_weighted             +5.7% +/- 0.0%  (better in 1/1 systems)
  H_hybrid_twostage             -1.1% +/- 0.0%  (better in 0/1 systems)

  Done! Results in results/ms25_*_seed62.csv
