Device: cuda
Systems: ['FeNiCrCoCu_HEA']
Seed: 52

############################################################
#  FeNiCrCoCu_HEA
############################################################
cuequivariance or cuequivariance_torch is not available. Cuequivariance acceleration will be disabled.
  300 structures, Energy: [-204.9, -45.2] eV

  --- A_random ---
    Iter 0 | N=50 | Test MAE=3.09 eV
    Iter 1 | N=65 | Test MAE=2.57 eV
    Iter 2 | N=80 | Test MAE=1.97 eV
    Iter 3 | N=95 | Test MAE=0.85 eV
    Iter 4 | N=110 | Test MAE=2.89 eV
    Iter 5 | N=125 | Test MAE=0.50 eV
    Iter 6 | N=140 | Test MAE=0.97 eV
    Iter 7 | N=155 | Test MAE=0.52 eV
    Iter 8 | N=170 | Test MAE=1.07 eV

  --- B_gmm_uncertainty ---
    Iter 0 | N=50 | Test MAE=3.09 eV
    Iter 1 | N=65 | Test MAE=3.24 eV
    Iter 2 | N=80 | Test MAE=1.81 eV
    Iter 3 | N=95 | Test MAE=1.85 eV
    Iter 4 | N=110 | Test MAE=0.49 eV
    Iter 5 | N=125 | Test MAE=1.26 eV
    Iter 6 | N=140 | Test MAE=0.95 eV
    Iter 7 | N=155 | Test MAE=0.72 eV
    Iter 8 | N=170 | Test MAE=0.74 eV

  --- C_ensemble_qbc ---
    Iter 0 | N=50 | Test MAE=3.09 eV
    Iter 1 | N=65 | Test MAE=2.86 eV
    Iter 2 | N=80 | Test MAE=2.79 eV
    Iter 3 | N=95 | Test MAE=1.02 eV
    Iter 4 | N=110 | Test MAE=1.38 eV
    Iter 5 | N=125 | Test MAE=1.11 eV
    Iter 6 | N=140 | Test MAE=0.85 eV
    Iter 7 | N=155 | Test MAE=1.07 eV
    Iter 8 | N=170 | Test MAE=0.51 eV

  --- D_mc_dropout ---
    Iter 0 | N=50 | Test MAE=3.09 eV
    Iter 1 | N=65 | Test MAE=2.86 eV
    Iter 2 | N=80 | Test MAE=2.79 eV
    Iter 3 | N=95 | Test MAE=1.02 eV
    Iter 4 | N=110 | Test MAE=1.38 eV
    Iter 5 | N=125 | Test MAE=1.11 eV
    Iter 6 | N=140 | Test MAE=0.85 eV
    Iter 7 | N=155 | Test MAE=1.07 eV
    Iter 8 | N=170 | Test MAE=0.51 eV

  --- E_diversity ---
    Iter 0 | N=50 | Test MAE=3.09 eV
    Iter 1 | N=65 | Test MAE=1.81 eV
    Iter 2 | N=80 | Test MAE=1.59 eV
    Iter 3 | N=95 | Test MAE=1.26 eV
    Iter 4 | N=110 | Test MAE=0.97 eV
    Iter 5 | N=125 | Test MAE=1.04 eV
    Iter 6 | N=140 | Test MAE=1.24 eV
    Iter 7 | N=155 | Test MAE=0.62 eV
    Iter 8 | N=170 | Test MAE=0.95 eV

  --- F_latent_clustering ---
    Iter 0 | N=50 | Test MAE=3.09 eV
    Iter 1 | N=65 | Test MAE=2.02 eV
    Iter 2 | N=80 | Test MAE=2.61 eV
    Iter 3 | N=95 | Test MAE=2.10 eV
    Iter 4 | N=110 | Test MAE=0.97 eV
    Iter 5 | N=125 | Test MAE=0.87 eV
    Iter 6 | N=140 | Test MAE=1.14 eV
    Iter 7 | N=155 | Test MAE=0.98 eV
    Iter 8 | N=170 | Test MAE=0.31 eV

  --- G_hybrid_weighted ---
    Iter 0 | N=50 | Test MAE=3.09 eV
    Iter 1 | N=65 | Test MAE=2.86 eV
    Iter 2 | N=80 | Test MAE=1.89 eV
    Iter 3 | N=95 | Test MAE=2.06 eV
    Iter 4 | N=110 | Test MAE=1.82 eV
    Iter 5 | N=125 | Test MAE=0.77 eV
    Iter 6 | N=140 | Test MAE=1.29 eV
    Iter 7 | N=155 | Test MAE=0.69 eV
    Iter 8 | N=170 | Test MAE=0.35 eV

  --- H_hybrid_twostage ---
    Iter 0 | N=50 | Test MAE=3.09 eV
    Iter 1 | N=65 | Test MAE=2.60 eV
    Iter 2 | N=80 | Test MAE=2.59 eV
    Iter 3 | N=95 | Test MAE=1.72 eV
    Iter 4 | N=110 | Test MAE=1.05 eV
    Iter 5 | N=125 | Test MAE=0.90 eV
    Iter 6 | N=140 | Test MAE=1.13 eV
    Iter 7 | N=155 | Test MAE=0.68 eV
    Iter 8 | N=170 | Test MAE=0.41 eV

======================================================================
  FINAL RESULTS — 1 Systems x 8 Strategies
======================================================================

--- FeNiCrCoCu_HEA ---
  Strategy                         Best MAE  vs Random
  A_random                             0.50      +0.0%
  B_gmm_uncertainty                    0.49      +3.0%
  C_ensemble_qbc                       0.51      -2.4%
  D_mc_dropout                         0.51      -2.4%
  E_diversity                          0.62     -23.4%
  F_latent_clustering                  0.31     +38.6%
  G_hybrid_weighted                    0.35     +30.5% <--
  H_hybrid_twostage                    0.41     +18.7% <--

======================================================================
  CROSS-SYSTEM SUMMARY
======================================================================
  A_random                      +0.0% +/- 0.0%  (better in 0/1 systems)
  B_gmm_uncertainty             +3.0% +/- 0.0%  (better in 1/1 systems)
  C_ensemble_qbc                -2.4% +/- 0.0%  (better in 0/1 systems)
  D_mc_dropout                  -2.4% +/- 0.0%  (better in 0/1 systems)
  E_diversity                  -23.4% +/- 0.0%  (better in 0/1 systems)
  F_latent_clustering          +38.6% +/- 0.0%  (better in 1/1 systems)
  G_hybrid_weighted            +30.5% +/- 0.0%  (better in 1/1 systems)
  H_hybrid_twostage            +18.7% +/- 0.0%  (better in 1/1 systems)

  Done! Results in results/ms25_*_seed52.csv
