Device: cuda
Systems: ['liquid_water']
Seed: 62

############################################################
#  liquid_water
############################################################
cuequivariance or cuequivariance_torch is not available. Cuequivariance acceleration will be disabled.
  200 structures, Energy: [-186.6, -38.3] eV

  --- A_random ---
    Iter 0 | N=50 | Test MAE=4.82 eV
    Iter 1 | N=65 | Test MAE=2.22 eV
    Iter 2 | N=80 | Test MAE=4.67 eV
    Iter 3 | N=95 | Test MAE=3.72 eV
    Iter 4 | N=110 | Test MAE=4.57 eV
    Iter 5 | N=125 | Test MAE=2.79 eV
    Iter 6 | N=140 | Test MAE=2.32 eV

  --- B_gmm_uncertainty ---
    Iter 0 | N=50 | Test MAE=4.82 eV
    Iter 1 | N=65 | Test MAE=3.16 eV
    Iter 2 | N=80 | Test MAE=2.01 eV
    Iter 3 | N=95 | Test MAE=1.85 eV
    Iter 4 | N=110 | Test MAE=2.39 eV
    Iter 5 | N=125 | Test MAE=2.21 eV
    Iter 6 | N=140 | Test MAE=2.38 eV

  --- C_ensemble_qbc ---
    Iter 0 | N=50 | Test MAE=4.82 eV
    Iter 1 | N=65 | Test MAE=2.36 eV
    Iter 2 | N=80 | Test MAE=2.19 eV
    Iter 3 | N=95 | Test MAE=2.04 eV
    Iter 4 | N=110 | Test MAE=1.94 eV
    Iter 5 | N=125 | Test MAE=3.44 eV
    Iter 6 | N=140 | Test MAE=4.29 eV

  --- D_mc_dropout ---
    Iter 0 | N=50 | Test MAE=4.82 eV
    Iter 1 | N=65 | Test MAE=2.36 eV
    Iter 2 | N=80 | Test MAE=2.19 eV
    Iter 3 | N=95 | Test MAE=2.04 eV
    Iter 4 | N=110 | Test MAE=1.94 eV
    Iter 5 | N=125 | Test MAE=3.44 eV
    Iter 6 | N=140 | Test MAE=4.29 eV

  --- E_diversity ---
    Iter 0 | N=50 | Test MAE=4.82 eV
    Iter 1 | N=65 | Test MAE=3.14 eV
    Iter 2 | N=80 | Test MAE=3.74 eV
    Iter 3 | N=95 | Test MAE=3.08 eV
    Iter 4 | N=110 | Test MAE=3.20 eV
    Iter 5 | N=125 | Test MAE=2.35 eV
    Iter 6 | N=140 | Test MAE=2.55 eV

  --- F_latent_clustering ---
    Iter 0 | N=50 | Test MAE=4.82 eV
    Iter 1 | N=65 | Test MAE=3.93 eV
    Iter 2 | N=80 | Test MAE=3.39 eV
    Iter 3 | N=95 | Test MAE=3.09 eV
    Iter 4 | N=110 | Test MAE=3.48 eV
    Iter 5 | N=125 | Test MAE=3.47 eV
    Iter 6 | N=140 | Test MAE=1.69 eV

  --- G_hybrid_weighted ---
    Iter 0 | N=50 | Test MAE=4.82 eV
    Iter 1 | N=65 | Test MAE=2.36 eV
    Iter 2 | N=80 | Test MAE=2.48 eV
    Iter 3 | N=95 | Test MAE=2.10 eV
    Iter 4 | N=110 | Test MAE=5.08 eV
    Iter 5 | N=125 | Test MAE=2.77 eV
    Iter 6 | N=140 | Test MAE=5.09 eV

  --- H_hybrid_twostage ---
    Iter 0 | N=50 | Test MAE=4.82 eV
    Iter 1 | N=65 | Test MAE=2.14 eV
    Iter 2 | N=80 | Test MAE=3.02 eV
    Iter 3 | N=95 | Test MAE=3.10 eV
    Iter 4 | N=110 | Test MAE=2.60 eV
    Iter 5 | N=125 | Test MAE=3.63 eV
    Iter 6 | N=140 | Test MAE=3.01 eV

======================================================================
  FINAL RESULTS — 1 Systems x 8 Strategies
======================================================================

--- liquid_water ---
  Strategy                         Best MAE  vs Random
  A_random                             2.22      +0.0%
  B_gmm_uncertainty                    1.85     +16.9%
  C_ensemble_qbc                       1.94     +12.8%
  D_mc_dropout                         1.94     +12.8%
  E_diversity                          2.35      -5.9%
  F_latent_clustering                  1.69     +23.8%
  G_hybrid_weighted                    2.10      +5.3% <--
  H_hybrid_twostage                    2.14      +3.7% <--

======================================================================
  CROSS-SYSTEM SUMMARY
======================================================================
  A_random                      +0.0% +/- 0.0%  (better in 0/1 systems)
  B_gmm_uncertainty            +16.9% +/- 0.0%  (better in 1/1 systems)
  C_ensemble_qbc               +12.8% +/- 0.0%  (better in 1/1 systems)
  D_mc_dropout                 +12.8% +/- 0.0%  (better in 1/1 systems)
  E_diversity                   -5.9% +/- 0.0%  (better in 0/1 systems)
  F_latent_clustering          +23.8% +/- 0.0%  (better in 1/1 systems)
  G_hybrid_weighted             +5.3% +/- 0.0%  (better in 1/1 systems)
  H_hybrid_twostage             +3.7% +/- 0.0%  (better in 1/1 systems)

  Done! Results in results/ms25_*_seed62.csv
