Device: cuda
Systems: ['liquid_water']
Seed: 52

############################################################
#  liquid_water
############################################################
cuequivariance or cuequivariance_torch is not available. Cuequivariance acceleration will be disabled.
  200 structures, Energy: [-186.6, -38.3] eV

  --- A_random ---
    Iter 0 | N=50 | Test MAE=2.27 eV
    Iter 1 | N=65 | Test MAE=3.91 eV
    Iter 2 | N=80 | Test MAE=2.43 eV
    Iter 3 | N=95 | Test MAE=2.63 eV
    Iter 4 | N=110 | Test MAE=2.07 eV
    Iter 5 | N=125 | Test MAE=2.18 eV
    Iter 6 | N=140 | Test MAE=3.80 eV

  --- B_gmm_uncertainty ---
    Iter 0 | N=50 | Test MAE=2.27 eV
    Iter 1 | N=65 | Test MAE=3.70 eV
    Iter 2 | N=80 | Test MAE=2.69 eV
    Iter 3 | N=95 | Test MAE=2.74 eV
    Iter 4 | N=110 | Test MAE=2.59 eV
    Iter 5 | N=125 | Test MAE=4.50 eV
    Iter 6 | N=140 | Test MAE=4.42 eV

  --- C_ensemble_qbc ---
    Iter 0 | N=50 | Test MAE=2.27 eV
    Iter 1 | N=65 | Test MAE=4.93 eV
    Iter 2 | N=80 | Test MAE=4.52 eV
    Iter 3 | N=95 | Test MAE=2.66 eV
    Iter 4 | N=110 | Test MAE=2.49 eV
    Iter 5 | N=125 | Test MAE=4.63 eV
    Iter 6 | N=140 | Test MAE=3.16 eV

  --- D_mc_dropout ---
    Iter 0 | N=50 | Test MAE=2.27 eV
    Iter 1 | N=65 | Test MAE=4.93 eV
    Iter 2 | N=80 | Test MAE=4.52 eV
    Iter 3 | N=95 | Test MAE=2.66 eV
    Iter 4 | N=110 | Test MAE=2.49 eV
    Iter 5 | N=125 | Test MAE=4.63 eV
    Iter 6 | N=140 | Test MAE=3.16 eV

  --- E_diversity ---
    Iter 0 | N=50 | Test MAE=2.27 eV
    Iter 1 | N=65 | Test MAE=4.24 eV
    Iter 2 | N=80 | Test MAE=3.50 eV
    Iter 3 | N=95 | Test MAE=2.28 eV
    Iter 4 | N=110 | Test MAE=2.35 eV
    Iter 5 | N=125 | Test MAE=2.49 eV
    Iter 6 | N=140 | Test MAE=3.15 eV

  --- F_latent_clustering ---
    Iter 0 | N=50 | Test MAE=2.27 eV
    Iter 1 | N=65 | Test MAE=4.28 eV
    Iter 2 | N=80 | Test MAE=2.61 eV
    Iter 3 | N=95 | Test MAE=4.39 eV
    Iter 4 | N=110 | Test MAE=2.81 eV
    Iter 5 | N=125 | Test MAE=2.41 eV
    Iter 6 | N=140 | Test MAE=3.71 eV

  --- G_hybrid_weighted ---
    Iter 0 | N=50 | Test MAE=2.27 eV
    Iter 1 | N=65 | Test MAE=4.93 eV
    Iter 2 | N=80 | Test MAE=2.74 eV
    Iter 3 | N=95 | Test MAE=4.20 eV
    Iter 4 | N=110 | Test MAE=2.58 eV
    Iter 5 | N=125 | Test MAE=4.49 eV
    Iter 6 | N=140 | Test MAE=2.24 eV

  --- H_hybrid_twostage ---
    Iter 0 | N=50 | Test MAE=2.27 eV
    Iter 1 | N=65 | Test MAE=3.97 eV
    Iter 2 | N=80 | Test MAE=2.91 eV
    Iter 3 | N=95 | Test MAE=2.30 eV
    Iter 4 | N=110 | Test MAE=2.57 eV
    Iter 5 | N=125 | Test MAE=3.90 eV
    Iter 6 | N=140 | Test MAE=3.87 eV

======================================================================
  FINAL RESULTS — 1 Systems x 8 Strategies
======================================================================

--- liquid_water ---
  Strategy                         Best MAE  vs Random
  A_random                             2.07      +0.0%
  B_gmm_uncertainty                    2.27      -9.5%
  C_ensemble_qbc                       2.27      -9.5%
  D_mc_dropout                         2.27      -9.5%
  E_diversity                          2.27      -9.5%
  F_latent_clustering                  2.27      -9.5%
  G_hybrid_weighted                    2.24      -8.0% <--
  H_hybrid_twostage                    2.27      -9.5% <--

======================================================================
  CROSS-SYSTEM SUMMARY
======================================================================
  A_random                      +0.0% +/- 0.0%  (better in 0/1 systems)
  B_gmm_uncertainty             -9.5% +/- 0.0%  (better in 0/1 systems)
  C_ensemble_qbc                -9.5% +/- 0.0%  (better in 0/1 systems)
  D_mc_dropout                  -9.5% +/- 0.0%  (better in 0/1 systems)
  E_diversity                   -9.5% +/- 0.0%  (better in 0/1 systems)
  F_latent_clustering           -9.5% +/- 0.0%  (better in 0/1 systems)
  G_hybrid_weighted             -8.0% +/- 0.0%  (better in 0/1 systems)
  H_hybrid_twostage             -9.5% +/- 0.0%  (better in 0/1 systems)

  Done! Results in results/ms25_*_seed52.csv
