Device: cuda
Systems: ['Pt_CH_activation']
Seed: 62

############################################################
#  Pt_CH_activation
############################################################
cuequivariance or cuequivariance_torch is not available. Cuequivariance acceleration will be disabled.
  300 structures, Energy: [-284.8, -84.0] eV

  --- A_random ---
    Iter 0 | N=50 | Test MAE=2.52 eV
    Iter 1 | N=65 | Test MAE=2.39 eV
    Iter 2 | N=80 | Test MAE=2.06 eV
    Iter 3 | N=95 | Test MAE=2.00 eV
    Iter 4 | N=110 | Test MAE=1.50 eV
    Iter 5 | N=125 | Test MAE=1.48 eV
    Iter 6 | N=140 | Test MAE=1.51 eV
    Iter 7 | N=155 | Test MAE=1.69 eV
    Iter 8 | N=170 | Test MAE=1.46 eV

  --- B_gmm_uncertainty ---
    Iter 0 | N=50 | Test MAE=2.51 eV
    Iter 1 | N=65 | Test MAE=1.77 eV
    Iter 2 | N=80 | Test MAE=2.30 eV
    Iter 3 | N=95 | Test MAE=1.49 eV
    Iter 4 | N=110 | Test MAE=1.61 eV
    Iter 5 | N=125 | Test MAE=1.66 eV
    Iter 6 | N=140 | Test MAE=1.55 eV
    Iter 7 | N=155 | Test MAE=1.65 eV
    Iter 8 | N=170 | Test MAE=1.57 eV

  --- C_ensemble_qbc ---
    Iter 0 | N=50 | Test MAE=2.51 eV
    Iter 1 | N=65 | Test MAE=1.93 eV
    Iter 2 | N=80 | Test MAE=1.70 eV
    Iter 3 | N=95 | Test MAE=2.01 eV
    Iter 4 | N=110 | Test MAE=1.49 eV
    Iter 5 | N=125 | Test MAE=2.20 eV
    Iter 6 | N=140 | Test MAE=1.74 eV
    Iter 7 | N=155 | Test MAE=1.49 eV
    Iter 8 | N=170 | Test MAE=1.43 eV

  --- D_mc_dropout ---
    Iter 0 | N=50 | Test MAE=2.52 eV
    Iter 1 | N=65 | Test MAE=1.93 eV
    Iter 2 | N=80 | Test MAE=1.70 eV
    Iter 3 | N=95 | Test MAE=2.01 eV
    Iter 4 | N=110 | Test MAE=1.49 eV
    Iter 5 | N=125 | Test MAE=2.20 eV
    Iter 6 | N=140 | Test MAE=1.74 eV
    Iter 7 | N=155 | Test MAE=1.49 eV
    Iter 8 | N=170 | Test MAE=1.43 eV

  --- E_diversity ---
    Iter 0 | N=50 | Test MAE=2.52 eV
    Iter 1 | N=65 | Test MAE=2.11 eV
    Iter 2 | N=80 | Test MAE=1.93 eV
    Iter 3 | N=95 | Test MAE=1.98 eV
    Iter 4 | N=110 | Test MAE=1.63 eV
    Iter 5 | N=125 | Test MAE=1.81 eV
    Iter 6 | N=140 | Test MAE=1.67 eV
    Iter 7 | N=155 | Test MAE=1.73 eV
    Iter 8 | N=170 | Test MAE=1.80 eV

  --- F_latent_clustering ---
    Iter 0 | N=50 | Test MAE=2.52 eV
    Iter 1 | N=65 | Test MAE=1.98 eV
    Iter 2 | N=80 | Test MAE=1.60 eV
    Iter 3 | N=95 | Test MAE=1.87 eV
    Iter 4 | N=110 | Test MAE=1.64 eV
    Iter 5 | N=125 | Test MAE=1.99 eV
    Iter 6 | N=140 | Test MAE=1.74 eV
    Iter 7 | N=155 | Test MAE=1.51 eV
    Iter 8 | N=170 | Test MAE=1.49 eV

  --- G_hybrid_weighted ---
    Iter 0 | N=50 | Test MAE=2.52 eV
    Iter 1 | N=65 | Test MAE=1.93 eV
    Iter 2 | N=80 | Test MAE=1.97 eV
    Iter 3 | N=95 | Test MAE=2.03 eV
    Iter 4 | N=110 | Test MAE=1.64 eV
    Iter 5 | N=125 | Test MAE=1.95 eV
    Iter 6 | N=140 | Test MAE=1.68 eV
    Iter 7 | N=155 | Test MAE=2.27 eV
    Iter 8 | N=170 | Test MAE=1.54 eV

  --- H_hybrid_twostage ---
    Iter 0 | N=50 | Test MAE=2.52 eV
    Iter 1 | N=65 | Test MAE=2.97 eV
    Iter 2 | N=80 | Test MAE=2.30 eV
    Iter 3 | N=95 | Test MAE=3.24 eV
    Iter 4 | N=110 | Test MAE=1.86 eV
    Iter 5 | N=125 | Test MAE=1.59 eV
    Iter 6 | N=140 | Test MAE=1.77 eV
    Iter 7 | N=155 | Test MAE=1.65 eV
    Iter 8 | N=170 | Test MAE=1.51 eV

======================================================================
  FINAL RESULTS — 1 Systems x 8 Strategies
======================================================================

--- Pt_CH_activation ---
  Strategy                         Best MAE  vs Random
  A_random                             1.46      +0.0%
  B_gmm_uncertainty                    1.49      -2.1%
  C_ensemble_qbc                       1.43      +2.1%
  D_mc_dropout                         1.43      +2.1%
  E_diversity                          1.63     -11.6%
  F_latent_clustering                  1.49      -1.6%
  G_hybrid_weighted                    1.54      -5.4% <--
  H_hybrid_twostage                    1.51      -3.0% <--

======================================================================
  CROSS-SYSTEM SUMMARY
======================================================================
  A_random                      +0.0% +/- 0.0%  (better in 0/1 systems)
  B_gmm_uncertainty             -2.1% +/- 0.0%  (better in 0/1 systems)
  C_ensemble_qbc                +2.1% +/- 0.0%  (better in 1/1 systems)
  D_mc_dropout                  +2.1% +/- 0.0%  (better in 1/1 systems)
  E_diversity                  -11.6% +/- 0.0%  (better in 0/1 systems)
  F_latent_clustering           -1.6% +/- 0.0%  (better in 0/1 systems)
  G_hybrid_weighted             -5.4% +/- 0.0%  (better in 0/1 systems)
  H_hybrid_twostage             -3.0% +/- 0.0%  (better in 0/1 systems)

  Done! Results in results/ms25_*_seed62.csv
