Device: cuda
Systems: ['Pt_CH_activation']
Seed: 42

############################################################
#  Pt_CH_activation
############################################################
cuequivariance or cuequivariance_torch is not available. Cuequivariance acceleration will be disabled.
  300 structures, Energy: [-284.8, -84.0] eV

  --- A_random ---
    Iter 0 | N=50 | Test MAE=1.61 eV
    Iter 1 | N=65 | Test MAE=2.24 eV
    Iter 2 | N=80 | Test MAE=1.65 eV
    Iter 3 | N=95 | Test MAE=1.95 eV
    Iter 4 | N=110 | Test MAE=1.53 eV
    Iter 5 | N=125 | Test MAE=1.66 eV
    Iter 6 | N=140 | Test MAE=1.63 eV
    Iter 7 | N=155 | Test MAE=1.81 eV
    Iter 8 | N=170 | Test MAE=2.11 eV

  --- B_gmm_uncertainty ---
    Iter 0 | N=50 | Test MAE=1.61 eV
    Iter 1 | N=65 | Test MAE=1.63 eV
    Iter 2 | N=80 | Test MAE=1.76 eV
    Iter 3 | N=95 | Test MAE=2.01 eV
    Iter 4 | N=110 | Test MAE=2.98 eV
    Iter 5 | N=125 | Test MAE=1.73 eV
    Iter 6 | N=140 | Test MAE=2.70 eV
    Iter 7 | N=155 | Test MAE=1.62 eV
    Iter 8 | N=170 | Test MAE=1.79 eV

  --- C_ensemble_qbc ---
    Iter 0 | N=50 | Test MAE=1.61 eV
    Iter 1 | N=65 | Test MAE=1.77 eV
    Iter 2 | N=80 | Test MAE=2.25 eV
    Iter 3 | N=95 | Test MAE=1.81 eV
    Iter 4 | N=110 | Test MAE=1.61 eV
    Iter 5 | N=125 | Test MAE=1.86 eV
    Iter 6 | N=140 | Test MAE=1.73 eV
    Iter 7 | N=155 | Test MAE=1.55 eV
    Iter 8 | N=170 | Test MAE=1.51 eV

  --- D_mc_dropout ---
    Iter 0 | N=50 | Test MAE=1.61 eV
    Iter 1 | N=65 | Test MAE=1.77 eV
    Iter 2 | N=80 | Test MAE=2.25 eV
    Iter 3 | N=95 | Test MAE=1.81 eV
    Iter 4 | N=110 | Test MAE=1.61 eV
    Iter 5 | N=125 | Test MAE=1.86 eV
    Iter 6 | N=140 | Test MAE=1.73 eV
    Iter 7 | N=155 | Test MAE=1.55 eV
    Iter 8 | N=170 | Test MAE=1.51 eV

  --- E_diversity ---
    Iter 0 | N=50 | Test MAE=1.61 eV
    Iter 1 | N=65 | Test MAE=2.05 eV
    Iter 2 | N=80 | Test MAE=1.84 eV
    Iter 3 | N=95 | Test MAE=1.56 eV
    Iter 4 | N=110 | Test MAE=1.95 eV
    Iter 5 | N=125 | Test MAE=1.61 eV
    Iter 6 | N=140 | Test MAE=1.77 eV
    Iter 7 | N=155 | Test MAE=1.44 eV
    Iter 8 | N=170 | Test MAE=1.82 eV

  --- F_latent_clustering ---
    Iter 0 | N=50 | Test MAE=1.61 eV
    Iter 1 | N=65 | Test MAE=1.79 eV
    Iter 2 | N=80 | Test MAE=1.68 eV
    Iter 3 | N=95 | Test MAE=1.50 eV
    Iter 4 | N=110 | Test MAE=2.16 eV
    Iter 5 | N=125 | Test MAE=1.52 eV
    Iter 6 | N=140 | Test MAE=1.68 eV
    Iter 7 | N=155 | Test MAE=1.58 eV
    Iter 8 | N=170 | Test MAE=1.79 eV

  --- G_hybrid_weighted ---
    Iter 0 | N=50 | Test MAE=1.61 eV
    Iter 1 | N=65 | Test MAE=1.77 eV
    Iter 2 | N=80 | Test MAE=1.82 eV
    Iter 3 | N=95 | Test MAE=1.75 eV
    Iter 4 | N=110 | Test MAE=1.76 eV
    Iter 5 | N=125 | Test MAE=1.91 eV
    Iter 6 | N=140 | Test MAE=1.64 eV
    Iter 7 | N=155 | Test MAE=1.56 eV
    Iter 8 | N=170 | Test MAE=2.30 eV

  --- H_hybrid_twostage ---
    Iter 0 | N=50 | Test MAE=1.61 eV
    Iter 1 | N=65 | Test MAE=1.96 eV
    Iter 2 | N=80 | Test MAE=1.67 eV
    Iter 3 | N=95 | Test MAE=2.01 eV
    Iter 4 | N=110 | Test MAE=1.72 eV
    Iter 5 | N=125 | Test MAE=1.76 eV
    Iter 6 | N=140 | Test MAE=1.65 eV
    Iter 7 | N=155 | Test MAE=1.60 eV
    Iter 8 | N=170 | Test MAE=1.60 eV

======================================================================
  FINAL RESULTS — 1 Systems x 8 Strategies
======================================================================

--- Pt_CH_activation ---
  Strategy                         Best MAE  vs Random
  A_random                             1.53      +0.0%
  B_gmm_uncertainty                    1.61      -4.9%
  C_ensemble_qbc                       1.51      +1.0%
  D_mc_dropout                         1.51      +1.0%
  E_diversity                          1.44      +5.7%
  F_latent_clustering                  1.50      +2.0%
  G_hybrid_weighted                    1.56      -2.0% <--
  H_hybrid_twostage                    1.60      -4.4% <--

======================================================================
  CROSS-SYSTEM SUMMARY
======================================================================
  A_random                      +0.0% +/- 0.0%  (better in 0/1 systems)
  B_gmm_uncertainty             -4.9% +/- 0.0%  (better in 0/1 systems)
  C_ensemble_qbc                +1.0% +/- 0.0%  (better in 1/1 systems)
  D_mc_dropout                  +1.0% +/- 0.0%  (better in 1/1 systems)
  E_diversity                   +5.7% +/- 0.0%  (better in 1/1 systems)
  F_latent_clustering           +2.0% +/- 0.0%  (better in 1/1 systems)
  G_hybrid_weighted             -2.0% +/- 0.0%  (better in 0/1 systems)
  H_hybrid_twostage             -4.4% +/- 0.0%  (better in 0/1 systems)

  Done! Results in results/ms25_*_seed42.csv
