Device: cuda
Systems: ['Zr_oxide_amorphous']
Seed: 52

############################################################
#  Zr_oxide_amorphous
############################################################
cuequivariance or cuequivariance_torch is not available. Cuequivariance acceleration will be disabled.
  500 structures, Energy: [-1101.6, -130.5] eV

  --- A_random ---
    Iter 0 | N=50 | Test MAE=20.36 eV
    Iter 1 | N=65 | Test MAE=20.14 eV
    Iter 2 | N=80 | Test MAE=21.00 eV
    Iter 3 | N=95 | Test MAE=21.91 eV
    Iter 4 | N=110 | Test MAE=21.06 eV
    Iter 5 | N=125 | Test MAE=20.18 eV
    Iter 6 | N=140 | Test MAE=22.04 eV
    Iter 7 | N=155 | Test MAE=22.42 eV
    Iter 8 | N=170 | Test MAE=20.27 eV

  --- B_gmm_uncertainty ---
    Iter 0 | N=50 | Test MAE=20.36 eV
    Iter 1 | N=65 | Test MAE=21.43 eV
    Iter 2 | N=80 | Test MAE=21.16 eV
    Iter 3 | N=95 | Test MAE=22.58 eV
    Iter 4 | N=110 | Test MAE=20.94 eV
    Iter 5 | N=125 | Test MAE=20.28 eV
    Iter 6 | N=140 | Test MAE=21.09 eV
    Iter 7 | N=155 | Test MAE=19.80 eV
    Iter 8 | N=170 | Test MAE=22.30 eV

  --- C_ensemble_qbc ---
    Iter 0 | N=50 | Test MAE=20.36 eV
    Iter 1 | N=65 | Test MAE=20.06 eV
    Iter 2 | N=80 | Test MAE=20.70 eV
    Iter 3 | N=95 | Test MAE=21.05 eV
    Iter 4 | N=110 | Test MAE=20.18 eV
    Iter 5 | N=125 | Test MAE=24.35 eV
    Iter 6 | N=140 | Test MAE=20.67 eV
    Iter 7 | N=155 | Test MAE=19.93 eV
    Iter 8 | N=170 | Test MAE=20.67 eV

  --- D_mc_dropout ---
    Iter 0 | N=50 | Test MAE=20.36 eV
    Iter 1 | N=65 | Test MAE=20.06 eV
    Iter 2 | N=80 | Test MAE=20.70 eV
    Iter 3 | N=95 | Test MAE=21.05 eV
    Iter 4 | N=110 | Test MAE=20.18 eV
    Iter 5 | N=125 | Test MAE=24.35 eV
    Iter 6 | N=140 | Test MAE=20.67 eV
    Iter 7 | N=155 | Test MAE=19.93 eV
    Iter 8 | N=170 | Test MAE=20.67 eV

  --- E_diversity ---
    Iter 0 | N=50 | Test MAE=20.36 eV
    Iter 1 | N=65 | Test MAE=19.77 eV
    Iter 2 | N=80 | Test MAE=21.77 eV
    Iter 3 | N=95 | Test MAE=20.98 eV
    Iter 4 | N=110 | Test MAE=21.51 eV
    Iter 5 | N=125 | Test MAE=21.05 eV
    Iter 6 | N=140 | Test MAE=19.97 eV
    Iter 7 | N=155 | Test MAE=19.73 eV
    Iter 8 | N=170 | Test MAE=21.03 eV

  --- F_latent_clustering ---
    Iter 0 | N=50 | Test MAE=20.36 eV
    Iter 1 | N=65 | Test MAE=20.75 eV
    Iter 2 | N=80 | Test MAE=20.31 eV
    Iter 3 | N=95 | Test MAE=20.56 eV
    Iter 4 | N=110 | Test MAE=21.61 eV
    Iter 5 | N=125 | Test MAE=20.74 eV
    Iter 6 | N=140 | Test MAE=19.84 eV
    Iter 7 | N=155 | Test MAE=20.15 eV
    Iter 8 | N=170 | Test MAE=21.95 eV

  --- G_hybrid_weighted ---
    Iter 0 | N=50 | Test MAE=20.36 eV
    Iter 1 | N=65 | Test MAE=20.06 eV
    Iter 2 | N=80 | Test MAE=22.44 eV
    Iter 3 | N=95 | Test MAE=21.08 eV
    Iter 4 | N=110 | Test MAE=20.34 eV
    Iter 5 | N=125 | Test MAE=20.04 eV
    Iter 6 | N=140 | Test MAE=22.33 eV
    Iter 7 | N=155 | Test MAE=19.59 eV
    Iter 8 | N=170 | Test MAE=20.45 eV

  --- H_hybrid_twostage ---
    Iter 0 | N=50 | Test MAE=20.36 eV
    Iter 1 | N=65 | Test MAE=19.62 eV
    Iter 2 | N=80 | Test MAE=21.79 eV
    Iter 3 | N=95 | Test MAE=21.35 eV
    Iter 4 | N=110 | Test MAE=20.62 eV
    Iter 5 | N=125 | Test MAE=21.26 eV
    Iter 6 | N=140 | Test MAE=20.02 eV
    Iter 7 | N=155 | Test MAE=21.77 eV
    Iter 8 | N=170 | Test MAE=21.21 eV

======================================================================
  FINAL RESULTS — 1 Systems x 8 Strategies
======================================================================

--- Zr_oxide_amorphous ---
  Strategy                         Best MAE  vs Random
  A_random                            20.14      +0.0%
  B_gmm_uncertainty                   19.80      +1.7%
  C_ensemble_qbc                      19.93      +1.0%
  D_mc_dropout                        19.93      +1.0%
  E_diversity                         19.73      +2.0%
  F_latent_clustering                 19.84      +1.5%
  G_hybrid_weighted                   19.59      +2.7% <--
  H_hybrid_twostage                   19.62      +2.6% <--

======================================================================
  CROSS-SYSTEM SUMMARY
======================================================================
  A_random                      +0.0% +/- 0.0%  (better in 0/1 systems)
  B_gmm_uncertainty             +1.7% +/- 0.0%  (better in 1/1 systems)
  C_ensemble_qbc                +1.0% +/- 0.0%  (better in 1/1 systems)
  D_mc_dropout                  +1.0% +/- 0.0%  (better in 1/1 systems)
  E_diversity                   +2.0% +/- 0.0%  (better in 1/1 systems)
  F_latent_clustering           +1.5% +/- 0.0%  (better in 1/1 systems)
  G_hybrid_weighted             +2.7% +/- 0.0%  (better in 1/1 systems)
  H_hybrid_twostage             +2.6% +/- 0.0%  (better in 1/1 systems)

  Done! Results in results/ms25_*_seed52.csv
