Device: cuda
Systems: ['FeNiCrCoCu_HEA']
Seed: 42

############################################################
#  FeNiCrCoCu_HEA
############################################################
cuequivariance or cuequivariance_torch is not available. Cuequivariance acceleration will be disabled.
  300 structures, Energy: [-204.9, -45.2] eV

  --- A_random ---
    Iter 0 | N=50 | Test MAE=3.38 eV
    Iter 1 | N=65 | Test MAE=4.23 eV
    Iter 2 | N=80 | Test MAE=3.59 eV
    Iter 3 | N=95 | Test MAE=2.35 eV
    Iter 4 | N=110 | Test MAE=1.43 eV
    Iter 5 | N=125 | Test MAE=1.58 eV
    Iter 6 | N=140 | Test MAE=0.57 eV
    Iter 7 | N=155 | Test MAE=1.01 eV
    Iter 8 | N=170 | Test MAE=1.47 eV

  --- B_gmm_uncertainty ---
    Iter 0 | N=50 | Test MAE=3.38 eV
    Iter 1 | N=65 | Test MAE=4.03 eV
    Iter 2 | N=80 | Test MAE=1.85 eV
    Iter 3 | N=95 | Test MAE=1.72 eV
    Iter 4 | N=110 | Test MAE=1.86 eV
    Iter 5 | N=125 | Test MAE=1.47 eV
    Iter 6 | N=140 | Test MAE=1.31 eV
    Iter 7 | N=155 | Test MAE=0.74 eV
    Iter 8 | N=170 | Test MAE=1.00 eV

  --- C_ensemble_qbc ---
    Iter 0 | N=50 | Test MAE=3.38 eV
    Iter 1 | N=65 | Test MAE=4.68 eV
    Iter 2 | N=80 | Test MAE=2.87 eV
    Iter 3 | N=95 | Test MAE=2.16 eV
    Iter 4 | N=110 | Test MAE=2.54 eV
    Iter 5 | N=125 | Test MAE=1.16 eV
    Iter 6 | N=140 | Test MAE=1.06 eV
    Iter 7 | N=155 | Test MAE=0.78 eV
    Iter 8 | N=170 | Test MAE=0.46 eV

  --- D_mc_dropout ---
    Iter 0 | N=50 | Test MAE=3.38 eV
    Iter 1 | N=65 | Test MAE=4.68 eV
    Iter 2 | N=80 | Test MAE=2.87 eV
    Iter 3 | N=95 | Test MAE=2.16 eV
    Iter 4 | N=110 | Test MAE=2.54 eV
    Iter 5 | N=125 | Test MAE=1.16 eV
    Iter 6 | N=140 | Test MAE=1.06 eV
    Iter 7 | N=155 | Test MAE=0.78 eV
    Iter 8 | N=170 | Test MAE=0.46 eV

  --- E_diversity ---
    Iter 0 | N=50 | Test MAE=3.38 eV
    Iter 1 | N=65 | Test MAE=1.97 eV
    Iter 2 | N=80 | Test MAE=2.37 eV
    Iter 3 | N=95 | Test MAE=2.43 eV
    Iter 4 | N=110 | Test MAE=1.92 eV
    Iter 5 | N=125 | Test MAE=0.83 eV
    Iter 6 | N=140 | Test MAE=1.03 eV
    Iter 7 | N=155 | Test MAE=0.74 eV
    Iter 8 | N=170 | Test MAE=0.48 eV

  --- F_latent_clustering ---
    Iter 0 | N=50 | Test MAE=3.38 eV
    Iter 1 | N=65 | Test MAE=2.88 eV
    Iter 2 | N=80 | Test MAE=2.79 eV
    Iter 3 | N=95 | Test MAE=1.94 eV
    Iter 4 | N=110 | Test MAE=2.26 eV
    Iter 5 | N=125 | Test MAE=1.48 eV
    Iter 6 | N=140 | Test MAE=1.05 eV
    Iter 7 | N=155 | Test MAE=0.75 eV
    Iter 8 | N=170 | Test MAE=0.83 eV

  --- G_hybrid_weighted ---
    Iter 0 | N=50 | Test MAE=3.38 eV
    Iter 1 | N=65 | Test MAE=4.68 eV
    Iter 2 | N=80 | Test MAE=3.45 eV
    Iter 3 | N=95 | Test MAE=2.20 eV
    Iter 4 | N=110 | Test MAE=1.82 eV
    Iter 5 | N=125 | Test MAE=1.35 eV
    Iter 6 | N=140 | Test MAE=1.28 eV
    Iter 7 | N=155 | Test MAE=0.77 eV
    Iter 8 | N=170 | Test MAE=0.87 eV

  --- H_hybrid_twostage ---
    Iter 0 | N=50 | Test MAE=3.38 eV
    Iter 1 | N=65 | Test MAE=3.90 eV
    Iter 2 | N=80 | Test MAE=3.07 eV
    Iter 3 | N=95 | Test MAE=1.83 eV
    Iter 4 | N=110 | Test MAE=1.38 eV
    Iter 5 | N=125 | Test MAE=1.43 eV
    Iter 6 | N=140 | Test MAE=0.75 eV
    Iter 7 | N=155 | Test MAE=0.69 eV
    Iter 8 | N=170 | Test MAE=0.76 eV

======================================================================
  FINAL RESULTS — 1 Systems x 8 Strategies
======================================================================

--- FeNiCrCoCu_HEA ---
  Strategy                         Best MAE  vs Random
  A_random                             0.57      +0.0%
  B_gmm_uncertainty                    0.74     -29.0%
  C_ensemble_qbc                       0.46     +19.8%
  D_mc_dropout                         0.46     +19.8%
  E_diversity                          0.48     +16.4%
  F_latent_clustering                  0.75     -31.6%
  G_hybrid_weighted                    0.77     -34.5% <--
  H_hybrid_twostage                    0.69     -19.9% <--

======================================================================
  CROSS-SYSTEM SUMMARY
======================================================================
  A_random                      +0.0% +/- 0.0%  (better in 0/1 systems)
  B_gmm_uncertainty            -29.0% +/- 0.0%  (better in 0/1 systems)
  C_ensemble_qbc               +19.8% +/- 0.0%  (better in 1/1 systems)
  D_mc_dropout                 +19.8% +/- 0.0%  (better in 1/1 systems)
  E_diversity                  +16.4% +/- 0.0%  (better in 1/1 systems)
  F_latent_clustering          -31.6% +/- 0.0%  (better in 0/1 systems)
  G_hybrid_weighted            -34.5% +/- 0.0%  (better in 0/1 systems)
  H_hybrid_twostage            -19.9% +/- 0.0%  (better in 0/1 systems)

  Done! Results in results/ms25_*_seed42.csv
