Device: cuda
Systems: ['zeolite']
Seed: 52

############################################################
#  zeolite
############################################################
cuequivariance or cuequivariance_torch is not available. Cuequivariance acceleration will be disabled.
  200 structures, Energy: [-274.8, -175.2] eV

  --- A_random ---
    Iter 0 | N=50 | Test MAE=1.63 eV
    Iter 1 | N=65 | Test MAE=3.88 eV
    Iter 2 | N=80 | Test MAE=1.05 eV
    Iter 3 | N=95 | Test MAE=2.57 eV
    Iter 4 | N=110 | Test MAE=1.87 eV
    Iter 5 | N=125 | Test MAE=1.42 eV
    Iter 6 | N=140 | Test MAE=1.53 eV

  --- B_gmm_uncertainty ---
    Iter 0 | N=50 | Test MAE=1.63 eV
    Iter 1 | N=65 | Test MAE=4.79 eV
    Iter 2 | N=80 | Test MAE=1.14 eV
    Iter 3 | N=95 | Test MAE=0.84 eV
    Iter 4 | N=110 | Test MAE=1.65 eV
    Iter 5 | N=125 | Test MAE=0.87 eV
    Iter 6 | N=140 | Test MAE=1.78 eV

  --- C_ensemble_qbc ---
    Iter 0 | N=50 | Test MAE=1.63 eV
    Iter 1 | N=65 | Test MAE=1.61 eV
    Iter 2 | N=80 | Test MAE=2.47 eV
    Iter 3 | N=95 | Test MAE=2.48 eV
    Iter 4 | N=110 | Test MAE=1.54 eV
    Iter 5 | N=125 | Test MAE=1.54 eV
    Iter 6 | N=140 | Test MAE=1.52 eV

  --- D_mc_dropout ---
    Iter 0 | N=50 | Test MAE=1.63 eV
    Iter 1 | N=65 | Test MAE=1.61 eV
    Iter 2 | N=80 | Test MAE=2.47 eV
    Iter 3 | N=95 | Test MAE=2.48 eV
    Iter 4 | N=110 | Test MAE=1.54 eV
    Iter 5 | N=125 | Test MAE=1.54 eV
    Iter 6 | N=140 | Test MAE=1.52 eV

  --- E_diversity ---
    Iter 0 | N=50 | Test MAE=1.63 eV
    Iter 1 | N=65 | Test MAE=2.24 eV
    Iter 2 | N=80 | Test MAE=1.37 eV
    Iter 3 | N=95 | Test MAE=1.79 eV
    Iter 4 | N=110 | Test MAE=0.60 eV
    Iter 5 | N=125 | Test MAE=0.34 eV
    Iter 6 | N=140 | Test MAE=1.75 eV

  --- F_latent_clustering ---
    Iter 0 | N=50 | Test MAE=1.63 eV
    Iter 1 | N=65 | Test MAE=1.00 eV
    Iter 2 | N=80 | Test MAE=0.86 eV
    Iter 3 | N=95 | Test MAE=0.94 eV
    Iter 4 | N=110 | Test MAE=2.10 eV
    Iter 5 | N=125 | Test MAE=2.54 eV
    Iter 6 | N=140 | Test MAE=1.18 eV

  --- G_hybrid_weighted ---
    Iter 0 | N=50 | Test MAE=1.63 eV
    Iter 1 | N=65 | Test MAE=1.61 eV
    Iter 2 | N=80 | Test MAE=2.47 eV
    Iter 3 | N=95 | Test MAE=1.26 eV
    Iter 4 | N=110 | Test MAE=1.66 eV
    Iter 5 | N=125 | Test MAE=1.05 eV
    Iter 6 | N=140 | Test MAE=0.35 eV

  --- H_hybrid_twostage ---
    Iter 0 | N=50 | Test MAE=1.63 eV
    Iter 1 | N=65 | Test MAE=2.82 eV
    Iter 2 | N=80 | Test MAE=2.16 eV
    Iter 3 | N=95 | Test MAE=1.67 eV
    Iter 4 | N=110 | Test MAE=1.41 eV
    Iter 5 | N=125 | Test MAE=1.60 eV
    Iter 6 | N=140 | Test MAE=0.91 eV

======================================================================
  FINAL RESULTS — 1 Systems x 8 Strategies
======================================================================

--- zeolite ---
  Strategy                         Best MAE  vs Random
  A_random                             1.05      +0.0%
  B_gmm_uncertainty                    0.84     +19.5%
  C_ensemble_qbc                       1.52     -45.8%
  D_mc_dropout                         1.52     -45.8%
  E_diversity                          0.34     +67.4%
  F_latent_clustering                  0.86     +17.8%
  G_hybrid_weighted                    0.35     +66.5% <--
  H_hybrid_twostage                    0.91     +12.8% <--

======================================================================
  CROSS-SYSTEM SUMMARY
======================================================================
  A_random                      +0.0% +/- 0.0%  (better in 0/1 systems)
  B_gmm_uncertainty            +19.5% +/- 0.0%  (better in 1/1 systems)
  C_ensemble_qbc               -45.8% +/- 0.0%  (better in 0/1 systems)
  D_mc_dropout                 -45.8% +/- 0.0%  (better in 0/1 systems)
  E_diversity                  +67.4% +/- 0.0%  (better in 1/1 systems)
  F_latent_clustering          +17.8% +/- 0.0%  (better in 1/1 systems)
  G_hybrid_weighted            +66.5% +/- 0.0%  (better in 1/1 systems)
  H_hybrid_twostage            +12.8% +/- 0.0%  (better in 1/1 systems)

  Done! Results in results/ms25_*_seed52.csv
