Device: cuda
Systems: ['Zr_oxide_amorphous']
Seed: 42

############################################################
#  Zr_oxide_amorphous
############################################################
cuequivariance or cuequivariance_torch is not available. Cuequivariance acceleration will be disabled.
  500 structures, Energy: [-1101.6, -130.5] eV

  --- A_random ---
    Iter 0 | N=50 | Test MAE=21.61 eV
    Iter 1 | N=65 | Test MAE=21.18 eV
    Iter 2 | N=80 | Test MAE=20.48 eV
    Iter 3 | N=95 | Test MAE=20.21 eV
    Iter 4 | N=110 | Test MAE=18.11 eV
    Iter 5 | N=125 | Test MAE=19.66 eV
    Iter 6 | N=140 | Test MAE=19.58 eV
    Iter 7 | N=155 | Test MAE=19.31 eV
    Iter 8 | N=170 | Test MAE=19.47 eV

  --- B_gmm_uncertainty ---
    Iter 0 | N=50 | Test MAE=21.61 eV
    Iter 1 | N=65 | Test MAE=18.51 eV
    Iter 2 | N=80 | Test MAE=19.26 eV
    Iter 3 | N=95 | Test MAE=19.62 eV
    Iter 4 | N=110 | Test MAE=19.44 eV
    Iter 5 | N=125 | Test MAE=21.16 eV
    Iter 6 | N=140 | Test MAE=19.38 eV
    Iter 7 | N=155 | Test MAE=21.08 eV
    Iter 8 | N=170 | Test MAE=20.36 eV

  --- C_ensemble_qbc ---
    Iter 0 | N=50 | Test MAE=21.61 eV
    Iter 1 | N=65 | Test MAE=19.58 eV
    Iter 2 | N=80 | Test MAE=18.15 eV
    Iter 3 | N=95 | Test MAE=19.68 eV
    Iter 4 | N=110 | Test MAE=17.89 eV
    Iter 5 | N=125 | Test MAE=18.71 eV
    Iter 6 | N=140 | Test MAE=21.68 eV
    Iter 7 | N=155 | Test MAE=18.97 eV
    Iter 8 | N=170 | Test MAE=19.82 eV

  --- D_mc_dropout ---
    Iter 0 | N=50 | Test MAE=21.61 eV
    Iter 1 | N=65 | Test MAE=19.58 eV
    Iter 2 | N=80 | Test MAE=18.15 eV
    Iter 3 | N=95 | Test MAE=19.68 eV
    Iter 4 | N=110 | Test MAE=17.89 eV
    Iter 5 | N=125 | Test MAE=18.71 eV
    Iter 6 | N=140 | Test MAE=21.68 eV
    Iter 7 | N=155 | Test MAE=18.97 eV
    Iter 8 | N=170 | Test MAE=19.82 eV

  --- E_diversity ---
    Iter 0 | N=50 | Test MAE=21.61 eV
    Iter 1 | N=65 | Test MAE=19.31 eV
    Iter 2 | N=80 | Test MAE=18.69 eV
    Iter 3 | N=95 | Test MAE=18.94 eV
    Iter 4 | N=110 | Test MAE=21.72 eV
    Iter 5 | N=125 | Test MAE=18.52 eV
    Iter 6 | N=140 | Test MAE=18.83 eV
    Iter 7 | N=155 | Test MAE=18.23 eV
    Iter 8 | N=170 | Test MAE=19.55 eV

  --- F_latent_clustering ---
    Iter 0 | N=50 | Test MAE=21.61 eV
    Iter 1 | N=65 | Test MAE=20.00 eV
    Iter 2 | N=80 | Test MAE=19.17 eV
    Iter 3 | N=95 | Test MAE=21.72 eV
    Iter 4 | N=110 | Test MAE=19.52 eV
    Iter 5 | N=125 | Test MAE=21.15 eV
    Iter 6 | N=140 | Test MAE=20.91 eV
    Iter 7 | N=155 | Test MAE=19.31 eV
    Iter 8 | N=170 | Test MAE=20.97 eV

  --- G_hybrid_weighted ---
    Iter 0 | N=50 | Test MAE=21.61 eV
    Iter 1 | N=65 | Test MAE=19.58 eV
    Iter 2 | N=80 | Test MAE=19.00 eV
    Iter 3 | N=95 | Test MAE=19.79 eV
    Iter 4 | N=110 | Test MAE=19.08 eV
    Iter 5 | N=125 | Test MAE=18.83 eV
    Iter 6 | N=140 | Test MAE=18.93 eV
    Iter 7 | N=155 | Test MAE=18.88 eV
    Iter 8 | N=170 | Test MAE=19.58 eV

  --- H_hybrid_twostage ---
    Iter 0 | N=50 | Test MAE=21.61 eV
    Iter 1 | N=65 | Test MAE=18.93 eV
    Iter 2 | N=80 | Test MAE=18.16 eV
    Iter 3 | N=95 | Test MAE=19.55 eV
    Iter 4 | N=110 | Test MAE=17.97 eV
    Iter 5 | N=125 | Test MAE=18.06 eV
    Iter 6 | N=140 | Test MAE=19.08 eV
    Iter 7 | N=155 | Test MAE=18.37 eV
    Iter 8 | N=170 | Test MAE=18.63 eV

======================================================================
  FINAL RESULTS — 1 Systems x 8 Strategies
======================================================================

--- Zr_oxide_amorphous ---
  Strategy                         Best MAE  vs Random
  A_random                            18.11      +0.0%
  B_gmm_uncertainty                   18.51      -2.2%
  C_ensemble_qbc                      17.89      +1.2%
  D_mc_dropout                        17.89      +1.2%
  E_diversity                         18.23      -0.7%
  F_latent_clustering                 19.17      -5.8%
  G_hybrid_weighted                   18.83      -4.0% <--
  H_hybrid_twostage                   17.97      +0.8% <--

======================================================================
  CROSS-SYSTEM SUMMARY
======================================================================
  A_random                      +0.0% +/- 0.0%  (better in 0/1 systems)
  B_gmm_uncertainty             -2.2% +/- 0.0%  (better in 0/1 systems)
  C_ensemble_qbc                +1.2% +/- 0.0%  (better in 1/1 systems)
  D_mc_dropout                  +1.2% +/- 0.0%  (better in 1/1 systems)
  E_diversity                   -0.7% +/- 0.0%  (better in 0/1 systems)
  F_latent_clustering           -5.8% +/- 0.0%  (better in 0/1 systems)
  G_hybrid_weighted             -4.0% +/- 0.0%  (better in 0/1 systems)
  H_hybrid_twostage             +0.8% +/- 0.0%  (better in 1/1 systems)

  Done! Results in results/ms25_*_seed42.csv
