Device: cuda
Systems: ['MgO_surface']
Seed: 52

############################################################
#  MgO_surface
############################################################
cuequivariance or cuequivariance_torch is not available. Cuequivariance acceleration will be disabled.
  500 structures, Energy: [-1079.1, -56.0] eV

  --- A_random ---
    Iter 0 | N=50 | Test MAE=13.91 eV
    Iter 1 | N=65 | Test MAE=13.03 eV
    Iter 2 | N=80 | Test MAE=13.46 eV
    Iter 3 | N=95 | Test MAE=13.41 eV
    Iter 4 | N=110 | Test MAE=13.19 eV
    Iter 5 | N=125 | Test MAE=14.43 eV
    Iter 6 | N=140 | Test MAE=13.02 eV
    Iter 7 | N=155 | Test MAE=11.68 eV
    Iter 8 | N=170 | Test MAE=13.21 eV

  --- B_gmm_uncertainty ---
    Iter 0 | N=50 | Test MAE=13.91 eV
    Iter 1 | N=65 | Test MAE=12.69 eV
    Iter 2 | N=80 | Test MAE=12.66 eV
    Iter 3 | N=95 | Test MAE=12.32 eV
    Iter 4 | N=110 | Test MAE=12.71 eV
    Iter 5 | N=125 | Test MAE=12.40 eV
    Iter 6 | N=140 | Test MAE=13.48 eV
    Iter 7 | N=155 | Test MAE=12.32 eV
    Iter 8 | N=170 | Test MAE=12.38 eV

  --- C_ensemble_qbc ---
    Iter 0 | N=50 | Test MAE=13.91 eV
    Iter 1 | N=65 | Test MAE=14.43 eV
    Iter 2 | N=80 | Test MAE=13.49 eV
    Iter 3 | N=95 | Test MAE=12.31 eV
    Iter 4 | N=110 | Test MAE=13.58 eV
    Iter 5 | N=125 | Test MAE=12.63 eV
    Iter 6 | N=140 | Test MAE=13.08 eV
    Iter 7 | N=155 | Test MAE=13.17 eV
    Iter 8 | N=170 | Test MAE=12.76 eV

  --- D_mc_dropout ---
    Iter 0 | N=50 | Test MAE=13.91 eV
    Iter 1 | N=65 | Test MAE=14.43 eV
    Iter 2 | N=80 | Test MAE=13.49 eV
    Iter 3 | N=95 | Test MAE=12.31 eV
    Iter 4 | N=110 | Test MAE=13.58 eV
    Iter 5 | N=125 | Test MAE=12.63 eV
    Iter 6 | N=140 | Test MAE=13.08 eV
    Iter 7 | N=155 | Test MAE=13.17 eV
    Iter 8 | N=170 | Test MAE=12.76 eV

  --- E_diversity ---
    Iter 0 | N=50 | Test MAE=13.91 eV
    Iter 1 | N=65 | Test MAE=12.52 eV
    Iter 2 | N=80 | Test MAE=12.29 eV
    Iter 3 | N=95 | Test MAE=12.38 eV
    Iter 4 | N=110 | Test MAE=12.96 eV
    Iter 5 | N=125 | Test MAE=13.54 eV
    Iter 6 | N=140 | Test MAE=12.53 eV
    Iter 7 | N=155 | Test MAE=13.29 eV
    Iter 8 | N=170 | Test MAE=12.21 eV

  --- F_latent_clustering ---
    Iter 0 | N=50 | Test MAE=13.91 eV
    Iter 1 | N=65 | Test MAE=13.28 eV
    Iter 2 | N=80 | Test MAE=13.23 eV
    Iter 3 | N=95 | Test MAE=12.98 eV
    Iter 4 | N=110 | Test MAE=12.97 eV
    Iter 5 | N=125 | Test MAE=12.30 eV
    Iter 6 | N=140 | Test MAE=12.59 eV
    Iter 7 | N=155 | Test MAE=13.02 eV
    Iter 8 | N=170 | Test MAE=12.96 eV

  --- G_hybrid_weighted ---
    Iter 0 | N=50 | Test MAE=13.91 eV
    Iter 1 | N=65 | Test MAE=14.43 eV
    Iter 2 | N=80 | Test MAE=12.97 eV
    Iter 3 | N=95 | Test MAE=12.76 eV
    Iter 4 | N=110 | Test MAE=13.43 eV
    Iter 5 | N=125 | Test MAE=12.17 eV
    Iter 6 | N=140 | Test MAE=13.32 eV
    Iter 7 | N=155 | Test MAE=12.93 eV
    Iter 8 | N=170 | Test MAE=12.32 eV

  --- H_hybrid_twostage ---
    Iter 0 | N=50 | Test MAE=13.91 eV
    Iter 1 | N=65 | Test MAE=12.75 eV
    Iter 2 | N=80 | Test MAE=13.45 eV
    Iter 3 | N=95 | Test MAE=13.02 eV
    Iter 4 | N=110 | Test MAE=12.67 eV
    Iter 5 | N=125 | Test MAE=13.01 eV
    Iter 6 | N=140 | Test MAE=12.60 eV
    Iter 7 | N=155 | Test MAE=12.14 eV
    Iter 8 | N=170 | Test MAE=12.88 eV

======================================================================
  FINAL RESULTS — 1 Systems x 8 Strategies
======================================================================

--- MgO_surface ---
  Strategy                         Best MAE  vs Random
  A_random                            11.68      +0.0%
  B_gmm_uncertainty                   12.32      -5.5%
  C_ensemble_qbc                      12.31      -5.4%
  D_mc_dropout                        12.31      -5.4%
  E_diversity                         12.21      -4.6%
  F_latent_clustering                 12.30      -5.3%
  G_hybrid_weighted                   12.17      -4.2% <--
  H_hybrid_twostage                   12.14      -4.0% <--

======================================================================
  CROSS-SYSTEM SUMMARY
======================================================================
  A_random                      +0.0% +/- 0.0%  (better in 0/1 systems)
  B_gmm_uncertainty             -5.5% +/- 0.0%  (better in 0/1 systems)
  C_ensemble_qbc                -5.4% +/- 0.0%  (better in 0/1 systems)
  D_mc_dropout                  -5.4% +/- 0.0%  (better in 0/1 systems)
  E_diversity                   -4.6% +/- 0.0%  (better in 0/1 systems)
  F_latent_clustering           -5.3% +/- 0.0%  (better in 0/1 systems)
  G_hybrid_weighted             -4.2% +/- 0.0%  (better in 0/1 systems)
  H_hybrid_twostage             -4.0% +/- 0.0%  (better in 0/1 systems)

  Done! Results in results/ms25_*_seed52.csv
