Device: cuda
Systems: ['zeolite']
Seed: 42

############################################################
#  zeolite
############################################################
cuequivariance or cuequivariance_torch is not available. Cuequivariance acceleration will be disabled.
  200 structures, Energy: [-274.8, -175.2] eV

  --- A_random ---
    Iter 0 | N=50 | Test MAE=2.24 eV
    Iter 1 | N=65 | Test MAE=6.71 eV
    Iter 2 | N=80 | Test MAE=1.24 eV
    Iter 3 | N=95 | Test MAE=4.53 eV
    Iter 4 | N=110 | Test MAE=1.92 eV
    Iter 5 | N=125 | Test MAE=4.05 eV
    Iter 6 | N=140 | Test MAE=2.13 eV

  --- B_gmm_uncertainty ---
    Iter 0 | N=50 | Test MAE=2.24 eV
    Iter 1 | N=65 | Test MAE=3.49 eV
    Iter 2 | N=80 | Test MAE=3.48 eV
    Iter 3 | N=95 | Test MAE=3.13 eV
    Iter 4 | N=110 | Test MAE=0.85 eV
    Iter 5 | N=125 | Test MAE=2.05 eV
    Iter 6 | N=140 | Test MAE=1.59 eV

  --- C_ensemble_qbc ---
    Iter 0 | N=50 | Test MAE=2.24 eV
    Iter 1 | N=65 | Test MAE=2.82 eV
    Iter 2 | N=80 | Test MAE=4.29 eV
    Iter 3 | N=95 | Test MAE=3.54 eV
    Iter 4 | N=110 | Test MAE=3.25 eV
    Iter 5 | N=125 | Test MAE=3.13 eV
    Iter 6 | N=140 | Test MAE=0.94 eV

  --- D_mc_dropout ---
    Iter 0 | N=50 | Test MAE=2.24 eV
    Iter 1 | N=65 | Test MAE=2.82 eV
    Iter 2 | N=80 | Test MAE=4.29 eV
    Iter 3 | N=95 | Test MAE=3.54 eV
    Iter 4 | N=110 | Test MAE=3.25 eV
    Iter 5 | N=125 | Test MAE=3.13 eV
    Iter 6 | N=140 | Test MAE=0.94 eV

  --- E_diversity ---
    Iter 0 | N=50 | Test MAE=2.24 eV
    Iter 1 | N=65 | Test MAE=0.45 eV
    Iter 2 | N=80 | Test MAE=1.42 eV
    Iter 3 | N=95 | Test MAE=0.68 eV
    Iter 4 | N=110 | Test MAE=0.78 eV
    Iter 5 | N=125 | Test MAE=0.36 eV
    Iter 6 | N=140 | Test MAE=3.14 eV

  --- F_latent_clustering ---
    Iter 0 | N=50 | Test MAE=2.24 eV
    Iter 1 | N=65 | Test MAE=2.39 eV
    Iter 2 | N=80 | Test MAE=3.20 eV
    Iter 3 | N=95 | Test MAE=2.02 eV
    Iter 4 | N=110 | Test MAE=1.19 eV
    Iter 5 | N=125 | Test MAE=0.91 eV
    Iter 6 | N=140 | Test MAE=1.11 eV

  --- G_hybrid_weighted ---
    Iter 0 | N=50 | Test MAE=2.24 eV
    Iter 1 | N=65 | Test MAE=2.82 eV
    Iter 2 | N=80 | Test MAE=3.06 eV
    Iter 3 | N=95 | Test MAE=5.21 eV
    Iter 4 | N=110 | Test MAE=2.85 eV
    Iter 5 | N=125 | Test MAE=4.25 eV
    Iter 6 | N=140 | Test MAE=1.28 eV

  --- H_hybrid_twostage ---
    Iter 0 | N=50 | Test MAE=2.24 eV
    Iter 1 | N=65 | Test MAE=3.93 eV
    Iter 2 | N=80 | Test MAE=5.50 eV
    Iter 3 | N=95 | Test MAE=1.96 eV
    Iter 4 | N=110 | Test MAE=1.20 eV
    Iter 5 | N=125 | Test MAE=3.38 eV
    Iter 6 | N=140 | Test MAE=1.64 eV

======================================================================
  FINAL RESULTS — 1 Systems x 8 Strategies
======================================================================

--- zeolite ---
  Strategy                         Best MAE  vs Random
  A_random                             1.24      +0.0%
  B_gmm_uncertainty                    0.85     +31.4%
  C_ensemble_qbc                       0.94     +24.4%
  D_mc_dropout                         0.94     +24.4%
  E_diversity                          0.36     +71.4%
  F_latent_clustering                  0.91     +26.5%
  G_hybrid_weighted                    1.28      -3.6% <--
  H_hybrid_twostage                    1.20      +3.5% <--

======================================================================
  CROSS-SYSTEM SUMMARY
======================================================================
  A_random                      +0.0% +/- 0.0%  (better in 0/1 systems)
  B_gmm_uncertainty            +31.4% +/- 0.0%  (better in 1/1 systems)
  C_ensemble_qbc               +24.4% +/- 0.0%  (better in 1/1 systems)
  D_mc_dropout                 +24.4% +/- 0.0%  (better in 1/1 systems)
  E_diversity                  +71.4% +/- 0.0%  (better in 1/1 systems)
  F_latent_clustering          +26.5% +/- 0.0%  (better in 1/1 systems)
  G_hybrid_weighted             -3.6% +/- 0.0%  (better in 0/1 systems)
  H_hybrid_twostage             +3.5% +/- 0.0%  (better in 1/1 systems)

  Done! Results in results/ms25_*_seed42.csv
