Device: cuda
Systems: ['MgO_surface']
Seed: 42

############################################################
#  MgO_surface
############################################################
cuequivariance or cuequivariance_torch is not available. Cuequivariance acceleration will be disabled.
  500 structures, Energy: [-1079.1, -56.0] eV

  --- A_random ---
    Iter 0 | N=50 | Test MAE=14.69 eV
    Iter 1 | N=65 | Test MAE=11.70 eV
    Iter 2 | N=80 | Test MAE=13.51 eV
    Iter 3 | N=95 | Test MAE=11.54 eV
    Iter 4 | N=110 | Test MAE=14.55 eV
    Iter 5 | N=125 | Test MAE=12.95 eV
    Iter 6 | N=140 | Test MAE=12.89 eV
    Iter 7 | N=155 | Test MAE=11.30 eV
    Iter 8 | N=170 | Test MAE=13.01 eV

  --- B_gmm_uncertainty ---
    Iter 0 | N=50 | Test MAE=14.69 eV
    Iter 1 | N=65 | Test MAE=12.87 eV
    Iter 2 | N=80 | Test MAE=12.08 eV
    Iter 3 | N=95 | Test MAE=12.21 eV
    Iter 4 | N=110 | Test MAE=12.43 eV
    Iter 5 | N=125 | Test MAE=14.43 eV
    Iter 6 | N=140 | Test MAE=12.06 eV
    Iter 7 | N=155 | Test MAE=11.46 eV
    Iter 8 | N=170 | Test MAE=12.79 eV

  --- C_ensemble_qbc ---
    Iter 0 | N=50 | Test MAE=14.69 eV
    Iter 1 | N=65 | Test MAE=12.39 eV
    Iter 2 | N=80 | Test MAE=13.08 eV
    Iter 3 | N=95 | Test MAE=13.21 eV
    Iter 4 | N=110 | Test MAE=12.55 eV
    Iter 5 | N=125 | Test MAE=12.42 eV
    Iter 6 | N=140 | Test MAE=12.07 eV
    Iter 7 | N=155 | Test MAE=11.33 eV
    Iter 8 | N=170 | Test MAE=11.46 eV

  --- D_mc_dropout ---
    Iter 0 | N=50 | Test MAE=14.69 eV
    Iter 1 | N=65 | Test MAE=12.39 eV
    Iter 2 | N=80 | Test MAE=13.08 eV
    Iter 3 | N=95 | Test MAE=13.21 eV
    Iter 4 | N=110 | Test MAE=12.55 eV
    Iter 5 | N=125 | Test MAE=12.42 eV
    Iter 6 | N=140 | Test MAE=12.07 eV
    Iter 7 | N=155 | Test MAE=11.33 eV
    Iter 8 | N=170 | Test MAE=11.46 eV

  --- E_diversity ---
    Iter 0 | N=50 | Test MAE=14.69 eV
    Iter 1 | N=65 | Test MAE=12.07 eV
    Iter 2 | N=80 | Test MAE=12.38 eV
    Iter 3 | N=95 | Test MAE=11.90 eV
    Iter 4 | N=110 | Test MAE=10.49 eV
    Iter 5 | N=125 | Test MAE=12.21 eV
    Iter 6 | N=140 | Test MAE=10.73 eV
    Iter 7 | N=155 | Test MAE=12.38 eV
    Iter 8 | N=170 | Test MAE=13.36 eV

  --- F_latent_clustering ---
    Iter 0 | N=50 | Test MAE=14.69 eV
    Iter 1 | N=65 | Test MAE=12.42 eV
    Iter 2 | N=80 | Test MAE=12.05 eV
    Iter 3 | N=95 | Test MAE=13.20 eV
    Iter 4 | N=110 | Test MAE=11.79 eV
    Iter 5 | N=125 | Test MAE=10.86 eV
    Iter 6 | N=140 | Test MAE=11.60 eV
    Iter 7 | N=155 | Test MAE=11.32 eV
    Iter 8 | N=170 | Test MAE=11.82 eV

  --- G_hybrid_weighted ---
    Iter 0 | N=50 | Test MAE=14.69 eV
    Iter 1 | N=65 | Test MAE=12.39 eV
    Iter 2 | N=80 | Test MAE=13.28 eV
    Iter 3 | N=95 | Test MAE=12.76 eV
    Iter 4 | N=110 | Test MAE=12.13 eV
    Iter 5 | N=125 | Test MAE=11.39 eV
    Iter 6 | N=140 | Test MAE=12.53 eV
    Iter 7 | N=155 | Test MAE=13.90 eV
    Iter 8 | N=170 | Test MAE=12.49 eV

  --- H_hybrid_twostage ---
    Iter 0 | N=50 | Test MAE=14.69 eV
    Iter 1 | N=65 | Test MAE=12.29 eV
    Iter 2 | N=80 | Test MAE=12.06 eV
    Iter 3 | N=95 | Test MAE=12.05 eV
    Iter 4 | N=110 | Test MAE=12.07 eV
    Iter 5 | N=125 | Test MAE=13.31 eV
    Iter 6 | N=140 | Test MAE=13.48 eV
    Iter 7 | N=155 | Test MAE=12.65 eV
    Iter 8 | N=170 | Test MAE=13.42 eV

======================================================================
  FINAL RESULTS — 1 Systems x 8 Strategies
======================================================================

--- MgO_surface ---
  Strategy                         Best MAE  vs Random
  A_random                            11.30      +0.0%
  B_gmm_uncertainty                   11.46      -1.5%
  C_ensemble_qbc                      11.33      -0.3%
  D_mc_dropout                        11.33      -0.3%
  E_diversity                         10.49      +7.1%
  F_latent_clustering                 10.86      +3.9%
  G_hybrid_weighted                   11.39      -0.8% <--
  H_hybrid_twostage                   12.05      -6.6% <--

======================================================================
  CROSS-SYSTEM SUMMARY
======================================================================
  A_random                      +0.0% +/- 0.0%  (better in 0/1 systems)
  B_gmm_uncertainty             -1.5% +/- 0.0%  (better in 0/1 systems)
  C_ensemble_qbc                -0.3% +/- 0.0%  (better in 0/1 systems)
  D_mc_dropout                  -0.3% +/- 0.0%  (better in 0/1 systems)
  E_diversity                   +7.1% +/- 0.0%  (better in 1/1 systems)
  F_latent_clustering           +3.9% +/- 0.0%  (better in 1/1 systems)
  G_hybrid_weighted             -0.8% +/- 0.0%  (better in 0/1 systems)
  H_hybrid_twostage             -6.6% +/- 0.0%  (better in 0/1 systems)

  Done! Results in results/ms25_*_seed42.csv
