Device: cuda
Systems: ['liquid_water']
Seed: 42

############################################################
#  liquid_water
############################################################
cuequivariance or cuequivariance_torch is not available. Cuequivariance acceleration will be disabled.
  200 structures, Energy: [-186.6, -38.3] eV

  --- A_random ---
    Iter 0 | N=50 | Test MAE=3.32 eV
    Iter 1 | N=65 | Test MAE=2.78 eV
    Iter 2 | N=80 | Test MAE=3.72 eV
    Iter 3 | N=95 | Test MAE=2.89 eV
    Iter 4 | N=110 | Test MAE=3.06 eV
    Iter 5 | N=125 | Test MAE=3.04 eV
    Iter 6 | N=140 | Test MAE=2.39 eV

  --- B_gmm_uncertainty ---
    Iter 0 | N=50 | Test MAE=3.32 eV
    Iter 1 | N=65 | Test MAE=3.04 eV
    Iter 2 | N=80 | Test MAE=3.12 eV
    Iter 3 | N=95 | Test MAE=2.90 eV
    Iter 4 | N=110 | Test MAE=3.36 eV
    Iter 5 | N=125 | Test MAE=2.43 eV
    Iter 6 | N=140 | Test MAE=2.50 eV

  --- C_ensemble_qbc ---
    Iter 0 | N=50 | Test MAE=3.32 eV
    Iter 1 | N=65 | Test MAE=3.11 eV
    Iter 2 | N=80 | Test MAE=3.53 eV
    Iter 3 | N=95 | Test MAE=3.27 eV
    Iter 4 | N=110 | Test MAE=3.06 eV
    Iter 5 | N=125 | Test MAE=2.51 eV
    Iter 6 | N=140 | Test MAE=3.59 eV

  --- D_mc_dropout ---
    Iter 0 | N=50 | Test MAE=3.32 eV
    Iter 1 | N=65 | Test MAE=3.11 eV
    Iter 2 | N=80 | Test MAE=3.53 eV
    Iter 3 | N=95 | Test MAE=3.27 eV
    Iter 4 | N=110 | Test MAE=3.06 eV
    Iter 5 | N=125 | Test MAE=2.51 eV
    Iter 6 | N=140 | Test MAE=3.59 eV

  --- E_diversity ---
    Iter 0 | N=50 | Test MAE=3.32 eV
    Iter 1 | N=65 | Test MAE=3.12 eV
    Iter 2 | N=80 | Test MAE=2.59 eV
    Iter 3 | N=95 | Test MAE=3.65 eV
    Iter 4 | N=110 | Test MAE=2.08 eV
    Iter 5 | N=125 | Test MAE=2.50 eV
    Iter 6 | N=140 | Test MAE=2.32 eV

  --- F_latent_clustering ---
    Iter 0 | N=50 | Test MAE=3.32 eV
    Iter 1 | N=65 | Test MAE=3.41 eV
    Iter 2 | N=80 | Test MAE=2.37 eV
    Iter 3 | N=95 | Test MAE=2.85 eV
    Iter 4 | N=110 | Test MAE=2.88 eV
    Iter 5 | N=125 | Test MAE=2.21 eV
    Iter 6 | N=140 | Test MAE=2.32 eV

  --- G_hybrid_weighted ---
    Iter 0 | N=50 | Test MAE=3.32 eV
    Iter 1 | N=65 | Test MAE=3.11 eV
    Iter 2 | N=80 | Test MAE=3.65 eV
    Iter 3 | N=95 | Test MAE=3.26 eV
    Iter 4 | N=110 | Test MAE=2.37 eV
    Iter 5 | N=125 | Test MAE=2.77 eV
    Iter 6 | N=140 | Test MAE=2.73 eV

  --- H_hybrid_twostage ---
    Iter 0 | N=50 | Test MAE=3.32 eV
    Iter 1 | N=65 | Test MAE=3.06 eV
    Iter 2 | N=80 | Test MAE=2.69 eV
    Iter 3 | N=95 | Test MAE=2.98 eV
    Iter 4 | N=110 | Test MAE=2.36 eV
    Iter 5 | N=125 | Test MAE=2.35 eV
    Iter 6 | N=140 | Test MAE=2.26 eV

======================================================================
  FINAL RESULTS — 1 Systems x 8 Strategies
======================================================================

--- liquid_water ---
  Strategy                         Best MAE  vs Random
  A_random                             2.39      +0.0%
  B_gmm_uncertainty                    2.43      -1.7%
  C_ensemble_qbc                       2.51      -4.8%
  D_mc_dropout                         2.51      -4.8%
  E_diversity                          2.08     +13.1%
  F_latent_clustering                  2.21      +7.7%
  G_hybrid_weighted                    2.37      +0.8% <--
  H_hybrid_twostage                    2.26      +5.4% <--

======================================================================
  CROSS-SYSTEM SUMMARY
======================================================================
  A_random                      +0.0% +/- 0.0%  (better in 0/1 systems)
  B_gmm_uncertainty             -1.7% +/- 0.0%  (better in 0/1 systems)
  C_ensemble_qbc                -4.8% +/- 0.0%  (better in 0/1 systems)
  D_mc_dropout                  -4.8% +/- 0.0%  (better in 0/1 systems)
  E_diversity                  +13.1% +/- 0.0%  (better in 1/1 systems)
  F_latent_clustering           +7.7% +/- 0.0%  (better in 1/1 systems)
  G_hybrid_weighted             +0.8% +/- 0.0%  (better in 1/1 systems)
  H_hybrid_twostage             +5.4% +/- 0.0%  (better in 1/1 systems)

  Done! Results in results/ms25_*_seed42.csv
