Device: cuda
Systems: ['zeolite']
Seed: 62

############################################################
#  zeolite
############################################################
cuequivariance or cuequivariance_torch is not available. Cuequivariance acceleration will be disabled.
  200 structures, Energy: [-274.8, -175.2] eV

  --- A_random ---
    Iter 0 | N=50 | Test MAE=0.49 eV
    Iter 1 | N=65 | Test MAE=2.58 eV
    Iter 2 | N=80 | Test MAE=3.01 eV
    Iter 3 | N=95 | Test MAE=3.28 eV
    Iter 4 | N=110 | Test MAE=3.11 eV
    Iter 5 | N=125 | Test MAE=1.02 eV
    Iter 6 | N=140 | Test MAE=0.77 eV

  --- B_gmm_uncertainty ---
    Iter 0 | N=50 | Test MAE=0.49 eV
    Iter 1 | N=65 | Test MAE=0.52 eV
    Iter 2 | N=80 | Test MAE=1.99 eV
    Iter 3 | N=95 | Test MAE=2.28 eV
    Iter 4 | N=110 | Test MAE=2.36 eV
    Iter 5 | N=125 | Test MAE=0.55 eV
    Iter 6 | N=140 | Test MAE=0.72 eV

  --- C_ensemble_qbc ---
    Iter 0 | N=50 | Test MAE=0.49 eV
    Iter 1 | N=65 | Test MAE=1.48 eV
    Iter 2 | N=80 | Test MAE=2.35 eV
    Iter 3 | N=95 | Test MAE=1.05 eV
    Iter 4 | N=110 | Test MAE=1.73 eV
    Iter 5 | N=125 | Test MAE=1.13 eV
    Iter 6 | N=140 | Test MAE=1.58 eV

  --- D_mc_dropout ---
    Iter 0 | N=50 | Test MAE=0.49 eV
    Iter 1 | N=65 | Test MAE=1.48 eV
    Iter 2 | N=80 | Test MAE=2.35 eV
    Iter 3 | N=95 | Test MAE=1.05 eV
    Iter 4 | N=110 | Test MAE=1.73 eV
    Iter 5 | N=125 | Test MAE=1.13 eV
    Iter 6 | N=140 | Test MAE=1.58 eV

  --- E_diversity ---
    Iter 0 | N=50 | Test MAE=0.49 eV
    Iter 1 | N=65 | Test MAE=2.07 eV
    Iter 2 | N=80 | Test MAE=1.68 eV
    Iter 3 | N=95 | Test MAE=2.14 eV
    Iter 4 | N=110 | Test MAE=2.20 eV
    Iter 5 | N=125 | Test MAE=1.88 eV
    Iter 6 | N=140 | Test MAE=1.10 eV

  --- F_latent_clustering ---
    Iter 0 | N=50 | Test MAE=0.49 eV
    Iter 1 | N=65 | Test MAE=1.37 eV
    Iter 2 | N=80 | Test MAE=2.49 eV
    Iter 3 | N=95 | Test MAE=2.03 eV
    Iter 4 | N=110 | Test MAE=1.38 eV
    Iter 5 | N=125 | Test MAE=1.77 eV
    Iter 6 | N=140 | Test MAE=1.79 eV

  --- G_hybrid_weighted ---
    Iter 0 | N=50 | Test MAE=0.49 eV
    Iter 1 | N=65 | Test MAE=1.48 eV
    Iter 2 | N=80 | Test MAE=2.60 eV
    Iter 3 | N=95 | Test MAE=2.05 eV
    Iter 4 | N=110 | Test MAE=3.93 eV
    Iter 5 | N=125 | Test MAE=1.66 eV
    Iter 6 | N=140 | Test MAE=2.31 eV

  --- H_hybrid_twostage ---
    Iter 0 | N=50 | Test MAE=0.49 eV
    Iter 1 | N=65 | Test MAE=2.72 eV
    Iter 2 | N=80 | Test MAE=1.59 eV
    Iter 3 | N=95 | Test MAE=1.67 eV
    Iter 4 | N=110 | Test MAE=1.75 eV
    Iter 5 | N=125 | Test MAE=0.41 eV
    Iter 6 | N=140 | Test MAE=0.45 eV

======================================================================
  FINAL RESULTS — 1 Systems x 8 Strategies
======================================================================

--- zeolite ---
  Strategy                         Best MAE  vs Random
  A_random                             0.49      +0.0%
  B_gmm_uncertainty                    0.49      +0.0%
  C_ensemble_qbc                       0.49      -0.0%
  D_mc_dropout                         0.49      +0.0%
  E_diversity                          0.49      +0.0%
  F_latent_clustering                  0.49      -0.0%
  G_hybrid_weighted                    0.49      -0.0% <--
  H_hybrid_twostage                    0.41     +16.7% <--

======================================================================
  CROSS-SYSTEM SUMMARY
======================================================================
  A_random                      +0.0% +/- 0.0%  (better in 0/1 systems)
  B_gmm_uncertainty             +0.0% +/- 0.0%  (better in 1/1 systems)
  C_ensemble_qbc                -0.0% +/- 0.0%  (better in 0/1 systems)
  D_mc_dropout                  +0.0% +/- 0.0%  (better in 1/1 systems)
  E_diversity                   +0.0% +/- 0.0%  (better in 1/1 systems)
  F_latent_clustering           -0.0% +/- 0.0%  (better in 0/1 systems)
  G_hybrid_weighted             -0.0% +/- 0.0%  (better in 0/1 systems)
  H_hybrid_twostage            +16.7% +/- 0.0%  (better in 1/1 systems)

  Done! Results in results/ms25_*_seed62.csv
